Log file open, 05/25/19 01:52:18
LogWindows: Failed to load 'aqProf.dll' (GetLastError=126)
LogWindows: File 'aqProf.dll' does not exist
LogWindows: Failed to load 'VtuneApi.dll' (GetLastError=126)
LogWindows: File 'VtuneApi.dll' does not exist
LogWindows: Failed to load 'VtuneApi32e.dll' (GetLastError=126)
LogWindows: File 'VtuneApi32e.dll' does not exist
LogInit: Display: Running engine for game: GraNaZaliczenie5
LogPlatformFile: Not using cached read wrapper
LogTaskGraph: Started task graph with 5 named threads and 14 total threads with 3 sets of task threads.
LogStats: Stats thread started at 0.200987
LogD3D11RHI: Loaded GFSDK_Aftermath_Lib.x64.dll
LogICUInternationalization: Display: ICU TimeZone Detection - Raw Offset: +1:00, Platform Override: ''
LogPluginManager: Mounting plugin Paper2D
LogPluginManager: Mounting plugin AISupport
LogPluginManager: Mounting plugin LightPropagationVolume
LogPluginManager: Mounting plugin CLionSourceCodeAccess
LogPluginManager: Mounting plugin CodeLiteSourceCodeAccess
LogPluginManager: Mounting plugin GitSourceControl
LogPluginManager: Mounting plugin KDevelopSourceCodeAccess
LogPluginManager: Mounting plugin NullSourceCodeAccess
LogPluginManager: Mounting plugin PerforceSourceControl
LogPluginManager: Mounting plugin SubversionSourceControl
LogPluginManager: Mounting plugin UObjectPlugin
LogPluginManager: Mounting plugin VisualStudioCodeSourceCodeAccess
LogPluginManager: Mounting plugin VisualStudioSourceCodeAccess
LogPluginManager: Mounting plugin XCodeSourceCodeAccess
LogPluginManager: Mounting plugin AssetManagerEditor
LogPluginManager: Mounting plugin CryptoKeys
LogPluginManager: Mounting plugin DataValidation
LogPluginManager: Mounting plugin FacialAnimation
LogPluginManager: Mounting plugin GameplayTagsEditor
LogPluginManager: Mounting plugin MacGraphicsSwitching
LogPluginManager: Mounting plugin MeshEditor
LogPluginManager: Mounting plugin MobileLauncherProfileWizard
LogPluginManager: Mounting plugin PluginBrowser
LogPluginManager: Mounting plugin SpeedTreeImporter
LogPluginManager: Mounting plugin DatasmithContent
LogPluginManager: Mounting plugin AlembicImporter
LogPluginManager: Mounting plugin AppleImageUtils
LogPluginManager: Mounting plugin AppleVision
LogPluginManager: Mounting plugin BackChannel
LogPluginManager: Mounting plugin CharacterAI
LogPluginManager: Mounting plugin GeometryCache
LogPluginManager: Mounting plugin HTML5Networking
LogPluginManager: Mounting plugin ProxyLODPlugin
LogPluginManager: Mounting plugin MagicLeap
LogPluginManager: Mounting plugin MagicLeapEmulator
LogPluginManager: Mounting plugin MagicLeapMedia
LogPluginManager: Mounting plugin AndroidMedia
LogPluginManager: Mounting plugin AvfMedia
LogPluginManager: Mounting plugin ImgMedia
LogPluginManager: Mounting plugin LinearTimecode
LogPluginManager: Mounting plugin MediaCompositing
LogPluginManager: Mounting plugin MediaPlayerEditor
LogPluginManager: Mounting plugin WmfMedia
LogPluginManager: Mounting plugin TcpMessaging
LogPluginManager: Mounting plugin UdpMessaging
LogPluginManager: Mounting plugin ActorSequence
LogPluginManager: Mounting plugin LevelSequenceEditor
LogPluginManager: Mounting plugin MatineeToLevelSequence
LogPluginManager: Mounting plugin NetcodeUnitTest
LogPluginManager: Mounting plugin NUTUnrealEngine4
LogPluginManager: Mounting plugin OnlineSubsystemGooglePlay
LogPluginManager: Mounting plugin OnlineSubsystemIOS
LogPluginManager: Mounting plugin OnlineSubsystem
LogPluginManager: Mounting plugin OnlineSubsystemNull
LogPluginManager: Mounting plugin OnlineSubsystemUtils
LogPluginManager: Mounting plugin LauncherChunkInstaller
LogPluginManager: Mounting plugin AndroidDeviceProfileSelector
LogPluginManager: Mounting plugin AndroidMoviePlayer
LogPluginManager: Mounting plugin AndroidPermission
LogPluginManager: Mounting plugin AppleMoviePlayer
LogPluginManager: Mounting plugin ArchVisCharacter
LogPluginManager: Mounting plugin AudioCapture
LogPluginManager: Mounting plugin CableComponent
LogPluginManager: Mounting plugin CustomMeshComponent
LogPluginManager: Mounting plugin EditableMesh
LogPluginManager: Mounting plugin ExampleDeviceProfileSelector
LogPluginManager: Mounting plugin GoogleCloudMessaging
LogPluginManager: Mounting plugin ImmediatePhysics
LogPluginManager: Mounting plugin IOSDeviceProfileSelector
LogPluginManager: Mounting plugin LinuxDeviceProfileSelector
LogPluginManager: Mounting plugin LocationServicesBPLibrary
LogPluginManager: Mounting plugin MobilePatchingUtils
LogPluginManager: Mounting plugin OculusVR
LogPluginManager: Plugin shader directory ../../../Engine/Plugins/Runtime/Oculus/OculusVR/Shaders found
LogPluginManager: Mapping shader source directory ../../../Engine/Plugins/Runtime/Oculus/OculusVR/Shaders to virtual directory /Plugin/OculusVR
LogPluginManager: Mounting plugin PhysXVehicles
LogPluginManager: Mounting plugin ProceduralMeshComponent
LogPluginManager: Mounting plugin RuntimePhysXCooking
LogPluginManager: Mounting plugin SteamVR
LogPluginManager: Mounting plugin WindowsMoviePlayer
LogStreaming: Display: Took  0.117s to configure plugins.
LogInit: Using libcurl 7.55.1-DEV
LogInit:  - built for x86_64-pc-win32
LogInit:  - supports SSL with OpenSSL/1.0.2h
LogInit:  - supports HTTP deflate (compression) using libz 1.2.8
LogInit:  - other features:
LogInit:      CURL_VERSION_SSL
LogInit:      CURL_VERSION_LIBZ
LogInit:      CURL_VERSION_IPV6
LogInit:      CURL_VERSION_ASYNCHDNS
LogInit:      CURL_VERSION_LARGEFILE
LogInit:      CURL_VERSION_IDN
LogInit:  CurlRequestOptions (configurable via config and command line):
LogInit:  - bVerifyPeer = false  - Libcurl will NOT verify peer certificate
LogInit:  - bUseHttpProxy = false  - Libcurl will NOT use HTTP proxy
LogInit:  - bDontReuseConnections = false  - Libcurl will reuse connections
LogInit:  - CertBundlePath = nullptr  - Libcurl will use whatever was configured at build time.
LogInit:  - MaxHostConnections = 16  - Libcurl will limit the number of connections to a host
LogInit:  - LocalHostAddr = Default
LogInit:  - BufferSize = 65536
LogInit: WinSock: version 1.1 (2.2), MaxSocks=32767, MaxUdp=65467
LogInit: Build: ++UE4+Release-4.20-CL-4369336
LogInit: Engine Version: 4.20.3-4369336+++UE4+Release-4.20
LogInit: Compatible Engine Version: 4.20.0-4212847+++UE4+Release-4.20
LogInit: Net CL: 4212847
LogInit: OS: Windows 10 (), CPU: Intel(R) Core(TM) i5-6300HQ CPU @ 2.30GHz, GPU: Intel(R) HD Graphics 530
LogInit: Compiled (64-bit): Sep 17 2018 12:26:19
LogInit: Compiled with Visual C++: 19.13.26129.00
LogInit: Build Configuration: Development
LogInit: Branch Name: ++UE4+Release-4.20
LogInit: Command Line: 
LogInit: Base Directory: D:/Gry/Epic Games/UE_4.20/Engine/Binaries/Win64/
LogInit: Installed Engine Build: 1
LogDevObjectVersion: Number of dev versions registered: 20
LogDevObjectVersion:   Dev-Blueprints (B0D832E4-1F89-4F0D-ACCF-7EB736FD4AA2): 10
LogDevObjectVersion:   Dev-Build (E1C64328-A22C-4D53-A36C-8E866417BD8C): 0
LogDevObjectVersion:   Dev-Core (375EC13C-06E4-48FB-B500-84F0262A717E): 2
LogDevObjectVersion:   Dev-Editor (E4B068ED-F494-42E9-A231-DA0B2E46BB41): 24
LogDevObjectVersion:   Dev-Framework (CFFC743F-43B0-4480-9391-14DF171D2073): 34
LogDevObjectVersion:   Dev-Mobile (B02B49B5-BB20-44E9-A304-32B752E40360): 2
LogDevObjectVersion:   Dev-Networking (A4E4105C-59A1-49B5-A7C5-40C4547EDFEE): 0
LogDevObjectVersion:   Dev-Online (39C831C9-5AE6-47DC-9A44-9C173E1C8E7C): 0
LogDevObjectVersion:   Dev-Physics (78F01B33-EBEA-4F98-B9B4-84EACCB95AA2): 0
LogDevObjectVersion:   Dev-Platform (6631380F-2D4D-43E0-8009-CF276956A95A): 0
LogDevObjectVersion:   Dev-Rendering (12F88B9F-8875-4AFC-A67C-D90C383ABD29): 26
LogDevObjectVersion:   Dev-Sequencer (7B5AE74C-D270-4C10-A958-57980B212A5A): 9
LogDevObjectVersion:   Dev-VR (D7296918-1DD6-4BDD-9DE2-64A83CC13884): 2
LogDevObjectVersion:   Dev-LoadTimes (C2A15278-BFE7-4AFE-6C17-90FF531DF755): 1
LogDevObjectVersion:   Private-Geometry (6EACA3D4-40EC-4CC1-B786-8BED09428FC5): 3
LogDevObjectVersion:   Dev-AnimPhys (29E575DD-E0A3-4627-9D10-D276232CDCEA): 17
LogDevObjectVersion:   Dev-ReflectionCapture (6B266CEC-1EC7-4B8F-A30B-E4D90942FC07): 1
LogDevObjectVersion:   Dev-Automation (0DF73D61-A23F-47EA-B727-89E90C41499A): 1
LogDevObjectVersion:   FortniteMain (601D1886-AC64-4F84-AA16-D3DE0DEAC7D6): 12
LogDevObjectVersion:   Dev-Enterprise (9DFFBCD6-494F-0158-E221-12823C92A888): 1
LogStreaming: Display: Took  0.001s to delete old logs.
LogInit: Presizing for max 8388607 objects, including 0 objects not considered by GC, pre-allocating 0 bytes for permanent pool.
LogInit: Object subsystem initialized
[2019.05.24-23.52.18:846][  0]LogInit: Selected Device Profile: [Windows]
[2019.05.24-23.52.18:846][  0]LogInit: Applying CVar settings loaded from the selected device profile: [Windows]
[2019.05.24-23.52.18:855][  0]LogHAL: Display: Platform has ~ 8 GB [8483893248 / 8589934592 / 8], which maps to Default [LargestMinGB=32, LargerMinGB=12, DefaultMinGB=8, SmallerMinGB=6, SmallestMinGB=0)
[2019.05.24-23.52.18:855][  0]LogInit: Setting Device Profile CVar: [[r.Vulkan.UseRealUBs:1]]
[2019.05.24-23.52.18:855][  0]LogInit: Going up to parent DeviceProfile []
[2019.05.24-23.52.18:856][  0]LogInit: Computer: DESKTOP-0J089ST
[2019.05.24-23.52.18:856][  0]LogInit: User: FruGo
[2019.05.24-23.52.18:856][  0]LogInit: CPU Page size=4096, Cores=4
[2019.05.24-23.52.18:856][  0]LogInit: High frequency timer resolution =2.250000 MHz
[2019.05.24-23.52.18:856][  0]LogMemory: Memory total: Physical=7.9GB (8GB approx)
[2019.05.24-23.52.18:856][  0]LogMemory: Platform Memory Stats for Windows
[2019.05.24-23.52.18:856][  0]LogMemory: Process Physical Memory: 100.28 MB used, 100.28 MB peak
[2019.05.24-23.52.18:856][  0]LogMemory: Process Virtual Memory: 88.80 MB used, 88.80 MB peak
[2019.05.24-23.52.18:856][  0]LogMemory: Physical Memory: 3738.69 MB used,  4352.18 MB free, 8090.87 MB total
[2019.05.24-23.52.18:856][  0]LogMemory: Virtual Memory: 4611.45 MB used,  4352.18 MB free, 134217728.00 MB total
[2019.05.24-23.52.18:881][  0]LogInit: Using OS detected language (pl-PL).
[2019.05.24-23.52.18:881][  0]LogInit: Using OS detected locale (pl-PL).
[2019.05.24-23.52.18:882][  0]LogTextLocalizationManager: No specific localization for 'pl-PL' exists, so the 'pl' localization will be used.
[2019.05.24-23.52.18:885][  0]LogStreaming: Display: Took  0.004s to InitEngineTextLocalization.
[2019.05.24-23.52.18:885][  0]LogInit: Setting process to per monitor DPI aware
[2019.05.24-23.52.18:915][  0]LogSlate: New Slate User Created.  User Index 0, Is Virtual User: 0
[2019.05.24-23.52.18:916][  0]LogSlate: Slate User Registered.  User Index 0, Is Virtual User: 0
[2019.05.24-23.52.19:196][  0]LogHMD: Failed to initialize OpenVR with code 110
[2019.05.24-23.52.19:196][  0]LogD3D11RHI: D3D11 adapters:
[2019.05.24-23.52.19:267][  0]LogD3D11RHI:    0. 'NVIDIA GeForce GTX 960M' (Feature Level 11_0)
[2019.05.24-23.52.19:267][  0]LogD3D11RHI:       4055/0/4045 MB DedicatedVideo/DedicatedSystem/SharedSystem, Outputs:1, VendorId:0x10de
[2019.05.24-23.52.19:276][  0]LogD3D11RHI:    1. 'Intel(R) HD Graphics 530' (Feature Level 11_0)
[2019.05.24-23.52.19:276][  0]LogD3D11RHI:       128/0/4045 MB DedicatedVideo/DedicatedSystem/SharedSystem, Outputs:0, VendorId:0x8086
[2019.05.24-23.52.19:278][  0]LogD3D11RHI:    2. 'Microsoft Basic Render Driver' (Feature Level 11_0)
[2019.05.24-23.52.19:278][  0]LogD3D11RHI:       0/0/4045 MB DedicatedVideo/DedicatedSystem/SharedSystem, Outputs:0, VendorId:0x1414
[2019.05.24-23.52.19:278][  0]LogD3D11RHI: Chosen D3D11 Adapter: 0
[2019.05.24-23.52.19:324][  0]LogD3D11RHI: Creating new Direct3DDevice
[2019.05.24-23.52.19:324][  0]LogD3D11RHI:     GPU DeviceId: 0x139b (for the marketing name, search the web for "GPU Device Id")
[2019.05.24-23.52.19:324][  0]LogWindows: EnumDisplayDevices:
[2019.05.24-23.52.19:325][  0]LogWindows:    0. 'Intel(R) HD Graphics 530' (P:1 D:1)
[2019.05.24-23.52.19:325][  0]LogWindows:    1. 'Intel(R) HD Graphics 530' (P:0 D:0)
[2019.05.24-23.52.19:325][  0]LogWindows:    2. 'Intel(R) HD Graphics 530' (P:0 D:0)
[2019.05.24-23.52.19:326][  0]LogWindows: DebugString: PrimaryIsNotTheChoosenAdapter PrimaryIsNotTheChoosenAdapter PrimaryIsNotTheChoosenAdapter FoundDriverCount:0 
[2019.05.24-23.52.19:326][  0]LogD3D11RHI:     Adapter Name: NVIDIA GeForce GTX 960M
[2019.05.24-23.52.19:326][  0]LogD3D11RHI:   Driver Version: Unknown (internal:Unknown, unified:Unknown)
[2019.05.24-23.52.19:326][  0]LogD3D11RHI:      Driver Date: Unknown
[2019.05.24-23.52.19:326][  0]LogRHI: Texture pool is 2839 MB (70% of 4055 MB)
[2019.05.24-23.52.19:370][  0]LogD3D11RHI: Async texture creation enabled
[2019.05.24-23.52.19:388][  0]LogD3D11RHI: GPU Timing Frequency: 1000.000000 (Debug: 2 2)
[2019.05.24-23.52.19:389][  0]LogShaderCompilers: Guid format shader working directory is 2 characters bigger than the processId version (C:/Users/FruGo/OneDrive/Gry/GraNaZaliczenie5/Intermediate/Shaders/WorkingDirectory/9204/).
[2019.05.24-23.52.19:389][  0]LogShaderCompilers: Cleaned the shader compiler working directory 'C:/Users/FruGo/AppData/Local/Temp/UnrealShaderWorkingDir/6622C0D146554CEC7A210294254D441B/'.
[2019.05.24-23.52.19:709][  0]LogTemp: Display: Loaded TP AllDesktopTargetPlatform
[2019.05.24-23.52.19:726][  0]LogTemp: Display: Loaded TP MacClientTargetPlatform
[2019.05.24-23.52.19:742][  0]LogTemp: Display: Loaded TP MacNoEditorTargetPlatform
[2019.05.24-23.52.19:759][  0]LogTemp: Display: Loaded TP MacServerTargetPlatform
[2019.05.24-23.52.19:777][  0]LogTemp: Display: Loaded TP MacTargetPlatform
[2019.05.24-23.52.19:793][  0]LogTemp: Display: Loaded TP WindowsClientTargetPlatform
[2019.05.24-23.52.19:811][  0]LogTemp: Display: Loaded TP WindowsNoEditorTargetPlatform
[2019.05.24-23.52.19:827][  0]LogTemp: Display: Loaded TP WindowsServerTargetPlatform
[2019.05.24-23.52.19:835][  0]LogTemp: Display: Loaded TP WindowsTargetPlatform
[2019.05.24-23.52.19:933][  0]LogTemp: Display: Loaded TP AndroidTargetPlatform
[2019.05.24-23.52.19:933][  0]LogTemp: Display: Loaded TP AndroidTargetPlatform
[2019.05.24-23.52.19:933][  0]LogTemp: Display: Loaded TP AndroidTargetPlatform
[2019.05.24-23.52.19:933][  0]LogTemp: Display: Loaded TP AndroidTargetPlatform
[2019.05.24-23.52.19:933][  0]LogTemp: Display: Loaded TP AndroidTargetPlatform
[2019.05.24-23.52.19:933][  0]LogTemp: Display: Loaded TP AndroidTargetPlatform
[2019.05.24-23.52.19:933][  0]LogTemp: Display: Loaded TP AndroidTargetPlatform
[2019.05.24-23.52.19:933][  0]LogTemp: Display: Loaded TP AndroidTargetPlatform
[2019.05.24-23.52.19:933][  0]LogTemp: Display: Loaded TP AndroidTargetPlatform
[2019.05.24-23.52.19:933][  0]LogTemp: Display: Loaded TP AndroidTargetPlatform
[2019.05.24-23.52.19:933][  0]LogTemp: Display: Loaded TP AndroidTargetPlatform
[2019.05.24-23.52.19:933][  0]LogTemp: Display: Loaded TP AndroidTargetPlatform
[2019.05.24-23.52.19:933][  0]LogTemp: Display: Loaded TP AndroidTargetPlatform
[2019.05.24-23.52.19:933][  0]LogTemp: Display: Loaded TP AndroidTargetPlatform
[2019.05.24-23.52.19:933][  0]LogTemp: Display: Loaded TP AndroidTargetPlatform
[2019.05.24-23.52.19:933][  0]LogTemp: Display: Loaded TP AndroidTargetPlatform
[2019.05.24-23.52.19:933][  0]LogTemp: Display: Loaded TP AndroidTargetPlatform
[2019.05.24-23.52.19:933][  0]LogTemp: Display: Loaded TP AndroidTargetPlatform
[2019.05.24-23.52.19:935][  0]LogTemp: Display: Loaded TP HTML5TargetPlatform
[2019.05.24-23.52.20:000][  0]LogTemp: Display: Loaded TP IOSTargetPlatform
[2019.05.24-23.52.20:000][  0]LogTemp: Display: Loaded TP IOSTargetPlatform
[2019.05.24-23.52.20:029][  0]LogTemp: Display: Loaded TP TVOSTargetPlatform
[2019.05.24-23.52.20:029][  0]LogTemp: Display: Loaded TP TVOSTargetPlatform
[2019.05.24-23.52.20:045][  0]LogTemp: Display: Loaded TP LinuxClientTargetPlatform
[2019.05.24-23.52.20:060][  0]LogTemp: Display: Loaded TP LinuxNoEditorTargetPlatform
[2019.05.24-23.52.20:076][  0]LogTemp: Display: Loaded TP LinuxServerTargetPlatform
[2019.05.24-23.52.20:092][  0]LogTemp: Display: Loaded TP LinuxTargetPlatform
[2019.05.24-23.52.20:102][  0]LogTemp: Display: Loaded TP LuminTargetPlatform
[2019.05.24-23.52.20:102][  0]LogTargetPlatformManager: Display: Building Assets For Windows
[2019.05.24-23.52.20:167][  0]LogXGEController: Cannot use XGE Controller as Incredibuild is not installed on this machine.
[2019.05.24-23.52.20:167][  0]LogShaderCompilers: Cannot use XGE Shader Compiler as Incredibuild is not installed on this machine.
[2019.05.24-23.52.20:167][  0]LogShaderCompilers: Display: Using Local Shader Compiler.
[2019.05.24-23.52.21:008][  0]LogDerivedDataCache: Display: Max Cache Size: 512 MB
[2019.05.24-23.52.21:076][  0]LogDerivedDataCache: Loaded boot cache 0.07s 71MB C:/Users/FruGo/AppData/Local/UnrealEngine/4.20/DerivedDataCache/Boot.ddc.
[2019.05.24-23.52.21:076][  0]LogDerivedDataCache: Display: Loaded Boot cache: C:/Users/FruGo/AppData/Local/UnrealEngine/4.20/DerivedDataCache/Boot.ddc
[2019.05.24-23.52.21:076][  0]LogDerivedDataCache: FDerivedDataBackendGraph:  Pak pak cache file C:/Users/FruGo/OneDrive/Gry/GraNaZaliczenie5/DerivedDataCache/DDC.ddp not found, will not use a pak cache.
[2019.05.24-23.52.21:076][  0]LogDerivedDataCache: Unable to find inner node Pak for hierarchical cache Hierarchy.
[2019.05.24-23.52.21:076][  0]LogDerivedDataCache: FDerivedDataBackendGraph:  CompressedPak pak cache file C:/Users/FruGo/OneDrive/Gry/GraNaZaliczenie5/DerivedDataCache/Compressed.ddp not found, will not use a pak cache.
[2019.05.24-23.52.21:076][  0]LogDerivedDataCache: Unable to find inner node CompressedPak for hierarchical cache Hierarchy.
[2019.05.24-23.52.21:094][  0]LogDerivedDataCache: Display: Pak cache opened for reading ../../../Engine/DerivedDataCache/Compressed.ddp.
[2019.05.24-23.52.21:107][  0]LogDerivedDataCache: Using Local data cache path C:/Users/FruGo/AppData/Local/UnrealEngine/Common/DerivedDataCache: Writable
[2019.05.24-23.52.21:107][  0]LogDerivedDataCache: Shared data cache path not found in *engine.ini, will not use an Shared cache.
[2019.05.24-23.52.21:107][  0]LogDerivedDataCache: Unable to find inner node Shared for hierarchical cache Hierarchy.
[2019.05.24-23.52.21:129][  0]LogMaterial: Verifying Global Shaders for PCD3D_SM5
[2019.05.24-23.52.21:130][  0]LogSlate: Using FreeType 2.6.0
[2019.05.24-23.52.21:131][  0]LogSlate: SlateFontServices - WITH_FREETYPE: 1, WITH_HARFBUZZ: 1
[2019.05.24-23.52.21:223][  0]LogAssetRegistry: FAssetRegistry took 0.0267 seconds to start up
[2019.05.24-23.52.21:581][  0]LogInit: Selected Device Profile: [Windows]
[2019.05.24-23.52.21:733][  0]LogSimplygon: Simplygon DLL not present - disabling.
[2019.05.24-23.52.21:737][  0]LogMeshReduction: Using SimplygonSwarm for distributed automatic mesh merging
[2019.05.24-23.52.21:737][  0]LogMeshReduction: Using ProxyLODMeshReduction for automatic mesh merging
[2019.05.24-23.52.21:737][  0]LogMeshReduction: Using QuadricMeshReduction for automatic static mesh reduction
[2019.05.24-23.52.21:737][  0]LogMeshReduction: No automatic skeletal mesh reduction module available
[2019.05.24-23.52.21:752][  0]LogNetVersion: GraNaZaliczenie5 1.0.0, NetCL: 4212847, EngineNetVer: 5, GameNetVer: 0 (Checksum: 3776823093)
[2019.05.24-23.52.22:314][  0]LogPackageLocalizationCache: Processed 11 localized package path(s) for 2 prioritized culture(s) in 0.113622 seconds
[2019.05.24-23.52.22:321][  0]LogUObjectArray: 38425 objects as part of root set at end of initial load.
[2019.05.24-23.52.22:321][  0]LogUObjectAllocator: 6690864 out of 0 bytes used by permanent object pool.
[2019.05.24-23.52.22:321][  0]LogUObjectArray: CloseDisregardForGC: 0/0 objects in disregard for GC pool
[2019.05.24-23.52.23:352][  0]LogTcpMessaging: Initializing TcpMessaging bridge
[2019.05.24-23.52.23:366][  0]LogUdpMessaging: Initializing bridge on interface 0.0.0.0:0 to multicast group 230.0.0.1:6666.
[2019.05.24-23.52.23:513][  0]SourceControl: Source control is disabled
[2019.05.24-23.52.23:513][  0]SourceControl: Source control is disabled
[2019.05.24-23.52.23:515][  0]SourceControl: Source control is disabled
[2019.05.24-23.52.23:516][  0]SourceControl: Source control is disabled
[2019.05.24-23.52.23:682][  0]LogAndroidPermission: UAndroidPermissionCallbackProxy::GetInstance
[2019.05.24-23.52.23:744][  0]LogOcInput: OculusInput pre-init called
[2019.05.24-23.52.23:810][  0]LogEngine: Initializing Engine...
[2019.05.24-23.52.23:811][  0]LogHMD: Failed to initialize OpenVR with code 110
[2019.05.24-23.52.23:812][  0]LogStats: UGameplayTagsManager::ConstructGameplayTagTree: ImportINI prefixes -  0.000 s
[2019.05.24-23.52.23:812][  0]LogStats: UGameplayTagsManager::ConstructGameplayTagTree: Construct from data asset -  0.000 s
[2019.05.24-23.52.23:812][  0]LogStats: UGameplayTagsManager::ConstructGameplayTagTree: ImportINI -  0.000 s
[2019.05.24-23.52.23:812][  0]LogStats: UGameplayTagsManager::ConstructGameplayTagTree: GameplayTagTreeChangedEvent.Broadcast -  0.000 s
[2019.05.24-23.52.24:085][  0]LogInit: Initializing FReadOnlyCVARCache
[2019.05.24-23.52.24:098][  0]LogAIModule: Creating AISystem for world Untitled
[2019.05.24-23.52.24:110][  0]LogInit: XAudio2 using 'Głośniki (Conexant SmartAudio HD)' : 2 channels at 48 kHz using 32 bits per sample (channel mask 0x3)
[2019.05.24-23.52.24:217][  0]LogInit: FAudioDevice initialized.
[2019.05.24-23.52.24:218][  0]LogNetVersion: Set ProjectVersion to 1.0.0.0. Version Checksum will be recalculated on next use.
[2019.05.24-23.52.24:296][  0]LogDerivedDataCache: Saved boot cache 0.08s 71MB C:/Users/FruGo/AppData/Local/UnrealEngine/4.20/DerivedDataCache/Boot.ddc.
[2019.05.24-23.52.24:297][  0]LogInit: Texture streaming: Enabled
[2019.05.24-23.52.24:319][  0]LogEngineSessionManager: EngineSessionManager initialized
[2019.05.24-23.52.24:341][  0]LogInit: Transaction tracking system initialized
[2019.05.24-23.52.24:365][  0]BlueprintLog: New page: Editor Load
[2019.05.24-23.52.24:444][  0]LocalizationService: Localization service is disabled
[2019.05.24-23.52.24:712][  0]LogCook: Display: Max memory allowance for cook 16384mb min free memory 0mb
[2019.05.24-23.52.24:712][  0]LogCook: Display: Mobile HDR setting 1
[2019.05.24-23.52.24:712][  0]LogGameplayTags: Display: UGameplayTagsManager::DoneAddingNativeTags. DelegateIsBound: 0
[2019.05.24-23.52.24:712][  0]LogStats: UGameplayTagsManager::ConstructGameplayTagTree: ImportINI prefixes -  0.000 s
[2019.05.24-23.52.24:712][  0]LogStats: UGameplayTagsManager::ConstructGameplayTagTree: Construct from data asset -  0.000 s
[2019.05.24-23.52.24:712][  0]LogStats: UGameplayTagsManager::ConstructGameplayTagTree: ImportINI -  0.000 s
[2019.05.24-23.52.24:712][  0]LogStats: UGameplayTagsManager::ConstructGameplayTagTree: GameplayTagTreeChangedEvent.Broadcast -  0.000 s
[2019.05.24-23.52.24:840][  0]LogFileCache: Scanning file cache for directory 'C:/Users/FruGo/OneDrive/Gry/GraNaZaliczenie5/Content/' took 0.05s
[2019.05.24-23.52.24:840][  0]SourceControl: Source control is disabled
[2019.05.24-23.52.24:840][  0]Cmd: MAP LOAD FILE="C:/Users/FruGo/OneDrive/Gry/GraNaZaliczenie5/Content/FirstPersonBP/Maps/FirstLevel.umap" TEMPLATE=0 SHOWPROGRESS=1 FEATURELEVEL=3
[2019.05.24-23.52.24:840][  0]LightingResults: New page: Lighting Build
[2019.05.24-23.52.24:843][  0]MapCheck: New page: Map Check
[2019.05.24-23.52.24:843][  0]LightingResults: New page: Lighting Build
[2019.05.24-23.52.26:396][  0]LogAIModule: Creating AISystem for world FirstLevel
[2019.05.24-23.52.26:410][  0]LogEditorServer: Finished looking for orphan Actors (0.000 secs)
[2019.05.24-23.52.26:440][  0]Cmd: MAP CHECKDEP NOCLEARLOG
[2019.05.24-23.52.26:549][  0]MapCheck: Map check complete: 0 Error(s), 0 Warning(s), took 109,082ms to complete.
[2019.05.24-23.52.26:549][  0]LogFileHelpers: Loading map 'FirstLevel' took 1.709
[2019.05.24-23.52.26:684][  0]LogSlate: Updating window title bar state: overlay mode, drag disabled, window buttons hidden, title bar hidden
[2019.05.24-23.52.26:694][  0]LogSlate: Updating window title bar state: overlay mode, drag disabled, window buttons hidden, title bar hidden
[2019.05.24-23.52.26:703][  0]LogSlate: Updating window title bar state: overlay mode, drag disabled, window buttons hidden, title bar hidden
[2019.05.24-23.52.26:713][  0]LogSlate: Updating window title bar state: overlay mode, drag disabled, window buttons hidden, title bar hidden
[2019.05.24-23.52.26:721][  0]LogCollectionManager: Loaded 0 collections in 0.002134 seconds
[2019.05.24-23.52.26:829][  0]LogFileCache: Scanning file cache for directory 'C:/Users/FruGo/OneDrive/Gry/GraNaZaliczenie5/Saved/Collections/' took 0.01s
[2019.05.24-23.52.26:829][  0]LogFileCache: Scanning file cache for directory 'C:/Users/FruGo/OneDrive/Gry/GraNaZaliczenie5/Content/Developers/FruGo/Collections/' took 0.01s
[2019.05.24-23.52.26:829][  0]LogFileCache: Scanning file cache for directory 'C:/Users/FruGo/OneDrive/Gry/GraNaZaliczenie5/Content/Collections/' took 0.01s
[2019.05.24-23.52.26:829][  0]LogCollectionManager: Rebuilt the GUID cache for 0 collections in 0.000000 seconds
[2019.05.24-23.52.26:840][  0]LogContentBrowser: Native class hierarchy populated in 0.0105 seconds. Added 2572 classes and 603 folders.
[2019.05.24-23.52.26:884][  0]LogContentBrowser: Native class hierarchy updated for 'WidgetCarousel' in 0.0003 seconds. Added 0 classes and 0 folders.
[2019.05.24-23.52.27:599][  0]LogContentBrowser: Native class hierarchy updated for 'AddContentDialog' in 0.0003 seconds. Added 0 classes and 0 folders.
[2019.05.24-23.52.27:625][  0]LogContentBrowser: Native class hierarchy updated for 'SceneOutliner' in 0.0003 seconds. Added 1 classes and 2 folders.
[2019.05.24-23.52.27:642][  0]LogSlate: Took 0.000281 seconds to synchronously load lazily loaded font '../../../Engine/Content/Slate/Fonts/Roboto-Regular.ttf' (155K)
[2019.05.24-23.52.27:644][  0]LogSlate: Took 0.000269 seconds to synchronously load lazily loaded font '../../../Engine/Content/Slate/Fonts/Roboto-Bold.ttf' (160K)
[2019.05.24-23.52.27:667][  0]LogSlate: Took 0.017982 seconds to synchronously load lazily loaded font '../../../Engine/Content/Editor/Slate/Fonts/FontAwesome.ttf' (139K)
[2019.05.24-23.52.27:797][  0]LogRenderer: Reallocating scene render targets to support 1208x576 Format 10 NumSamples 1 (Frame:1).
[2019.05.24-23.52.27:999][  0]LogContentBrowser: Native class hierarchy updated for 'HierarchicalLODOutliner' in 0.0003 seconds. Added 0 classes and 0 folders.
[2019.05.24-23.52.27:999][  0]LogLoad: (Engine Initialization) Total time: 11.21 seconds
[2019.05.24-23.52.27:999][  0]LogLoad: (Engine Initialization) Total Blueprint compile time: 0.00 seconds
[2019.05.24-23.52.28:018][  0]LogWindowsTextInputMethodSystem: Display: IME system now deactivated.
[2019.05.24-23.52.28:039][  0]LogContentStreaming: Texture pool size now 1000 MB
[2019.05.24-23.52.28:086][  0]LogSlate: Took 0.017980 seconds to synchronously load lazily loaded font '../../../Engine/Content/Slate/Fonts/Roboto-Light.ttf' (167K)
[2019.05.24-23.52.28:131][  2]LogAssetRegistry: Asset discovery search completed in 6.9304 seconds
[2019.05.24-23.52.28:133][  2]LogCollectionManager: Rebuilt the object cache for 0 collections in 0.000000 seconds (found 0 objects)
[2019.05.24-23.52.28:133][  2]LogCollectionManager: Fixed up redirectors for 0 collections in 0.000075 seconds (updated 0 objects)
[2019.05.24-23.52.36:540][494]LogSlate: FSceneViewport::OnFocusLost() reason 0
[2019.05.24-23.52.36:640][500]LogTemp: Repeating last play command: Selected Viewport
[2019.05.24-23.52.36:653][500]LogBlueprintUserMessages: Early PlayInEditor Detection: Level '/Game/FirstPersonBP/Maps/FirstLevel.FirstLevel:PersistentLevel' has LevelScriptBlueprint '/Game/FirstPersonBP/Maps/FirstLevel.FirstLevel:PersistentLevel.FirstLevel' with GeneratedClass '/Game/FirstPersonBP/Maps/FirstLevel.FirstLevel_C' with ClassGeneratedBy '/Game/FirstPersonBP/Maps/FirstLevel.FirstLevel:PersistentLevel.FirstLevel'
[2019.05.24-23.52.36:653][500]LogPlayLevel: PlayLevel: No blueprints needed recompiling
[2019.05.24-23.52.36:665][500]PIE: New page: PIE session: FirstLevel (25 maj 2019, 03:52:36)
[2019.05.24-23.52.36:665][500]LogPlayLevel: Creating play world package: /Game/FirstPersonBP/Maps/UEDPIE_0_FirstLevel
[2019.05.24-23.52.36:684][500]LogPlayLevel: PIE: StaticDuplicateObject took: (0.019163s)
[2019.05.24-23.52.36:684][500]LogAIModule: Creating AISystem for world FirstLevel
[2019.05.24-23.52.36:684][500]LogPlayLevel: PIE: World Init took: (0.000796s)
[2019.05.24-23.52.36:685][500]LogPlayLevel: PIE: Created PIE world by copying editor world from /Game/FirstPersonBP/Maps/FirstLevel.FirstLevel to /Game/FirstPersonBP/Maps/UEDPIE_0_FirstLevel.FirstLevel (0.020196s)
[2019.05.24-23.52.36:716][500]LogInit: XAudio2 using 'Głośniki (Conexant SmartAudio HD)' : 2 channels at 48 kHz using 32 bits per sample (channel mask 0x3)
[2019.05.24-23.52.36:756][500]LogInit: FAudioDevice initialized.
[2019.05.24-23.52.36:834][500]LogLoad: Game class is 'MyGamemode_C'
[2019.05.24-23.52.36:838][500]LogWorld: Bringing World /Game/FirstPersonBP/Maps/UEDPIE_0_FirstLevel.FirstLevel up for play (max tick rate 60) at 2019.05.25-01.52.36
[2019.05.24-23.52.36:839][500]LogWorld: Bringing up level for play took: 0.003280
[2019.05.24-23.52.36:881][500]LogContentBrowser: Native class hierarchy updated for 'MovieSceneCapture' in 0.0003 seconds. Added 10 classes and 0 folders.
[2019.05.24-23.52.36:885][500]PIE: Play in editor start time for /Game/FirstPersonBP/Maps/UEDPIE_0_FirstLevel 0,391
[2019.05.24-23.52.36:886][500]LogBlueprintUserMessages: Late PlayInEditor Detection: Level '/Game/FirstPersonBP/Maps/FirstLevel.FirstLevel:PersistentLevel' has LevelScriptBlueprint '/Game/FirstPersonBP/Maps/FirstLevel.FirstLevel:PersistentLevel.FirstLevel' with GeneratedClass '/Game/FirstPersonBP/Maps/FirstLevel.FirstLevel_C' with ClassGeneratedBy '/Game/FirstPersonBP/Maps/FirstLevel.FirstLevel:PersistentLevel.FirstLevel'
[2019.05.24-23.52.51:499][368]LogNet: Browse: /Game/FirstPersonBP/Maps/FPEM
[2019.05.24-23.52.51:500][368]LogLoad: LoadMap: /Game/FirstPersonBP/Maps/FPEM
[2019.05.24-23.52.53:620][368]LogAIModule: Creating AISystem for world FPEM
[2019.05.24-23.52.53:620][368]LogLoad: Game class is 'MyGamemode_C'
[2019.05.24-23.52.53:625][368]LogWorld: Bringing World /Game/FirstPersonBP/Maps/UEDPIE_0_FPEM.FPEM up for play (max tick rate 60) at 2019.05.25-01.52.53
[2019.05.24-23.52.53:626][368]LogWorld: Bringing up level for play took: 0.004876
[2019.05.24-23.52.53:628][368]LogLoad: Took 2.127776 seconds to LoadMap(/Game/FirstPersonBP/Maps/FPEM)
[2019.05.24-23.53.03:737][971]LogBlueprintUserMessages: Early EndPlayMap Detection: Level '/Game/FirstPersonBP/Maps/FirstLevel.FirstLevel:PersistentLevel' has LevelScriptBlueprint '/Game/FirstPersonBP/Maps/FirstLevel.FirstLevel:PersistentLevel.FirstLevel' with GeneratedClass '/Game/FirstPersonBP/Maps/FirstLevel.FirstLevel_C' with ClassGeneratedBy '/Game/FirstPersonBP/Maps/FirstLevel.FirstLevel:PersistentLevel.FirstLevel'
[2019.05.24-23.53.03:737][971]LogSlate: Updating window title bar state: overlay mode, drag disabled, window buttons hidden, title bar hidden
[2019.05.24-23.53.03:775][971]LogPlayLevel: Display: Shutting down PIE online subsystems
[2019.05.24-23.53.03:776][971]LogBlueprintUserMessages: Late EndPlayMap Detection: Level '/Game/FirstPersonBP/Maps/FirstLevel.FirstLevel:PersistentLevel' has LevelScriptBlueprint '/Game/FirstPersonBP/Maps/FirstLevel.FirstLevel:PersistentLevel.FirstLevel' with GeneratedClass '/Game/FirstPersonBP/Maps/FirstLevel.FirstLevel_C' with ClassGeneratedBy '/Game/FirstPersonBP/Maps/FirstLevel.FirstLevel:PersistentLevel.FirstLevel'
[2019.05.24-23.53.03:804][971]LogSlate: Updating window title bar state: overlay mode, drag disabled, window buttons hidden, title bar hidden
[2019.05.24-23.53.03:858][973]LogPlayLevel: Display: Destroying online subsystem :Context_1
[2019.05.24-23.53.10:734][375]LogSlate: FSceneViewport::OnFocusLost() reason 2
[2019.05.24-23.53.11:219][403]LogSlate: Took 0.000289 seconds to synchronously load lazily loaded font '../../../Engine/Content/Slate/Fonts/Roboto-Light.ttf' (167K)
[2019.05.24-23.53.12:381][468]LogSlate: FSceneViewport::OnFocusLost() reason 2
[2019.05.24-23.53.12:390][468]LogAssetEditorManager: Opening Asset editor for LevelScriptBlueprint /Game/FirstPersonBP/Maps/FirstLevel.FirstLevel:PersistentLevel.FirstLevel
[2019.05.24-23.53.12:955][468]LogContentBrowser: Native class hierarchy updated for 'BlueprintGraph' in 0.0007 seconds. Added 116 classes and 0 folders.
[2019.05.24-23.53.13:903][468]LogSlate: Took 0.092194 seconds to synchronously load lazily loaded font '../../../Engine/Content/Slate/Fonts/Roboto-BoldCondensed.ttf' (158K)
[2019.05.24-23.53.14:056][469]LogSlate: Took 0.013425 seconds to synchronously load lazily loaded font '../../../Engine/Content/Slate/Fonts/Roboto-Italic.ttf' (157K)
[2019.05.24-23.53.32:867][583]BlueprintLog: New page: Compile FirstLevel
[2019.05.24-23.53.34:755][679]LogSlate: Window 'FirstLevel* - Level Blueprint Editor' being destroyed
[2019.05.24-23.53.34:759][679]LogSlate: Window 'FirstLevel* - Level Blueprint Editor' being destroyed
[2019.05.24-23.53.38:747][863]LogSlate: FSceneViewport::OnFocusLost() reason 2
[2019.05.24-23.53.39:354][900]LogTemp: Repeating last play command: Selected Viewport
[2019.05.24-23.53.39:368][900]LogBlueprintUserMessages: Early PlayInEditor Detection: Level '/Game/FirstPersonBP/Maps/FirstLevel.FirstLevel:PersistentLevel' has LevelScriptBlueprint '/Game/FirstPersonBP/Maps/FirstLevel.FirstLevel:PersistentLevel.FirstLevel' with GeneratedClass '/Game/FirstPersonBP/Maps/FirstLevel.FirstLevel_C' with ClassGeneratedBy '/Game/FirstPersonBP/Maps/FirstLevel.FirstLevel:PersistentLevel.FirstLevel'
[2019.05.24-23.53.39:368][900]LogPlayLevel: PlayLevel: No blueprints needed recompiling
[2019.05.24-23.53.39:368][900]PIE: New page: PIE session: FirstLevel (25 maj 2019, 03:53:39)
[2019.05.24-23.53.39:369][900]LogPlayLevel: Creating play world package: /Game/FirstPersonBP/Maps/UEDPIE_0_FirstLevel
[2019.05.24-23.53.39:388][900]LogPlayLevel: PIE: StaticDuplicateObject took: (0.019068s)
[2019.05.24-23.53.39:389][900]LogAIModule: Creating AISystem for world FirstLevel
[2019.05.24-23.53.39:389][900]LogPlayLevel: PIE: World Init took: (0.000950s)
[2019.05.24-23.53.39:389][900]LogPlayLevel: PIE: Created PIE world by copying editor world from /Game/FirstPersonBP/Maps/FirstLevel.FirstLevel to /Game/FirstPersonBP/Maps/UEDPIE_0_FirstLevel.FirstLevel (0.020216s)
[2019.05.24-23.53.39:425][900]LogInit: XAudio2 using 'Głośniki (Conexant SmartAudio HD)' : 2 channels at 48 kHz using 32 bits per sample (channel mask 0x3)
[2019.05.24-23.53.39:465][900]LogInit: FAudioDevice initialized.
[2019.05.24-23.53.39:601][900]LogLoad: Game class is 'MyGamemode_C'
[2019.05.24-23.53.39:604][900]LogWorld: Bringing World /Game/FirstPersonBP/Maps/UEDPIE_0_FirstLevel.FirstLevel up for play (max tick rate 60) at 2019.05.25-01.53.39
[2019.05.24-23.53.39:605][900]LogWorld: Bringing up level for play took: 0.003277
[2019.05.24-23.53.39:619][900]PIE: Play in editor start time for /Game/FirstPersonBP/Maps/UEDPIE_0_FirstLevel 1,124
[2019.05.24-23.53.39:619][900]LogBlueprintUserMessages: Late PlayInEditor Detection: Level '/Game/FirstPersonBP/Maps/FirstLevel.FirstLevel:PersistentLevel' has LevelScriptBlueprint '/Game/FirstPersonBP/Maps/FirstLevel.FirstLevel:PersistentLevel.FirstLevel' with GeneratedClass '/Game/FirstPersonBP/Maps/FirstLevel.FirstLevel_C' with ClassGeneratedBy '/Game/FirstPersonBP/Maps/FirstLevel.FirstLevel:PersistentLevel.FirstLevel'
[2019.05.24-23.53.42:481][ 56]LogPackageName: SearchForPackageOnDisk took   0.227s, but failed to resolve Level1.umap.
[2019.05.24-23.53.42:697][ 57]LogPackageName: SearchForPackageOnDisk took   0.211s, but failed to resolve Level1.umap.
[2019.05.24-23.53.42:698][ 57]LogNet: Browse: /Game/FirstPersonBP/Maps/FirstLevel
[2019.05.24-23.53.42:725][ 57]LogNet: Warning: Travel Failure: [InvalidURL]: Invalid URL: /Game/FirstPersonBP/Maps/FirstLevel
[2019.05.24-23.53.42:726][ 57]LogNet: Warning: TravelFailure: InvalidURL, Reason for Failure: 'Invalid URL: /Game/FirstPersonBP/Maps/FirstLevel'. Shutting down PIE.
[2019.05.24-23.53.42:726][ 57]PIE: Warning: TravelFailure: InvalidURL, Reason for Failure: 'Invalid URL: /Game/FirstPersonBP/Maps/FirstLevel'. Shutting down PIE.
[2019.05.24-23.53.42:726][ 57]LogNet: Warning: Travel Failure: [ClientTravelFailure]: Invalid URL: /Game/FirstPersonBP/Maps/FirstLevel
[2019.05.24-23.53.42:726][ 57]LogNet: Warning: TravelFailure: ClientTravelFailure, Reason for Failure: 'Invalid URL: /Game/FirstPersonBP/Maps/FirstLevel'. Shutting down PIE.
[2019.05.24-23.53.42:726][ 57]PIE: Warning: TravelFailure: ClientTravelFailure, Reason for Failure: 'Invalid URL: /Game/FirstPersonBP/Maps/FirstLevel'. Shutting down PIE.
[2019.05.24-23.53.42:727][ 57]LogBlueprintUserMessages: Early EndPlayMap Detection: Level '/Game/FirstPersonBP/Maps/FirstLevel.FirstLevel:PersistentLevel' has LevelScriptBlueprint '/Game/FirstPersonBP/Maps/FirstLevel.FirstLevel:PersistentLevel.FirstLevel' with GeneratedClass '/Game/FirstPersonBP/Maps/FirstLevel.FirstLevel_C' with ClassGeneratedBy '/Game/FirstPersonBP/Maps/FirstLevel.FirstLevel:PersistentLevel.FirstLevel'
[2019.05.24-23.53.42:728][ 57]LogSlate: Updating window title bar state: overlay mode, drag disabled, window buttons hidden, title bar hidden
[2019.05.24-23.53.42:762][ 57]LogPlayLevel: Display: Shutting down PIE online subsystems
[2019.05.24-23.53.42:762][ 57]LogBlueprintUserMessages: Late EndPlayMap Detection: Level '/Game/FirstPersonBP/Maps/FirstLevel.FirstLevel:PersistentLevel' has LevelScriptBlueprint '/Game/FirstPersonBP/Maps/FirstLevel.FirstLevel:PersistentLevel.FirstLevel' with GeneratedClass '/Game/FirstPersonBP/Maps/FirstLevel.FirstLevel_C' with ClassGeneratedBy '/Game/FirstPersonBP/Maps/FirstLevel.FirstLevel:PersistentLevel.FirstLevel'
[2019.05.24-23.53.42:798][ 57]LogSlate: Updating window title bar state: overlay mode, drag disabled, window buttons hidden, title bar hidden
[2019.05.24-23.53.42:835][ 58]LogPlayLevel: Display: Destroying online subsystem :Context_9
[2019.05.24-23.53.51:373][568]LogSlate: FSceneViewport::OnFocusLost() reason 0
[2019.05.24-23.54.00:126][ 88]LogAssetEditorManager: Opening Asset editor for LevelScriptBlueprint /Game/FirstPersonBP/Maps/FirstLevel.FirstLevel:PersistentLevel.FirstLevel
[2019.05.24-23.54.05:932][406]BlueprintLog: New page: Compile FirstLevel
[2019.05.24-23.54.07:075][458]LogSlate: Window 'FirstLevel* - Level Blueprint Editor' being destroyed
[2019.05.24-23.54.07:080][458]LogSlate: Window 'FirstLevel* - Level Blueprint Editor' being destroyed
[2019.05.24-23.54.08:604][547]LogTemp: Repeating last play command: Selected Viewport
[2019.05.24-23.54.08:643][547]LogBlueprintUserMessages: Early PlayInEditor Detection: Level '/Game/FirstPersonBP/Maps/FirstLevel.FirstLevel:PersistentLevel' has LevelScriptBlueprint '/Game/FirstPersonBP/Maps/FirstLevel.FirstLevel:PersistentLevel.FirstLevel' with GeneratedClass '/Game/FirstPersonBP/Maps/FirstLevel.FirstLevel_C' with ClassGeneratedBy '/Game/FirstPersonBP/Maps/FirstLevel.FirstLevel:PersistentLevel.FirstLevel'
[2019.05.24-23.54.08:643][547]LogPlayLevel: PlayLevel: No blueprints needed recompiling
[2019.05.24-23.54.08:643][547]PIE: New page: PIE session: FirstLevel (25 maj 2019, 03:54:08)
[2019.05.24-23.54.08:643][547]LogPlayLevel: Creating play world package: /Game/FirstPersonBP/Maps/UEDPIE_0_FirstLevel
[2019.05.24-23.54.08:662][547]LogPlayLevel: PIE: StaticDuplicateObject took: (0.018490s)
[2019.05.24-23.54.08:663][547]LogAIModule: Creating AISystem for world FirstLevel
[2019.05.24-23.54.08:663][547]LogPlayLevel: PIE: World Init took: (0.000901s)
[2019.05.24-23.54.08:663][547]LogPlayLevel: PIE: Created PIE world by copying editor world from /Game/FirstPersonBP/Maps/FirstLevel.FirstLevel to /Game/FirstPersonBP/Maps/UEDPIE_0_FirstLevel.FirstLevel (0.019591s)
[2019.05.24-23.54.08:702][547]LogInit: XAudio2 using 'Głośniki (Conexant SmartAudio HD)' : 2 channels at 48 kHz using 32 bits per sample (channel mask 0x3)
[2019.05.24-23.54.08:742][547]LogInit: FAudioDevice initialized.
[2019.05.24-23.54.08:774][547]LogLoad: Game class is 'MyGamemode_C'
[2019.05.24-23.54.08:777][547]LogWorld: Bringing World /Game/FirstPersonBP/Maps/UEDPIE_0_FirstLevel.FirstLevel up for play (max tick rate 60) at 2019.05.25-01.54.08
[2019.05.24-23.54.08:778][547]LogWorld: Bringing up level for play took: 0.003536
[2019.05.24-23.54.08:793][547]PIE: Play in editor start time for /Game/FirstPersonBP/Maps/UEDPIE_0_FirstLevel 0,298
[2019.05.24-23.54.08:793][547]LogBlueprintUserMessages: Late PlayInEditor Detection: Level '/Game/FirstPersonBP/Maps/FirstLevel.FirstLevel:PersistentLevel' has LevelScriptBlueprint '/Game/FirstPersonBP/Maps/FirstLevel.FirstLevel:PersistentLevel.FirstLevel' with GeneratedClass '/Game/FirstPersonBP/Maps/FirstLevel.FirstLevel_C' with ClassGeneratedBy '/Game/FirstPersonBP/Maps/FirstLevel.FirstLevel:PersistentLevel.FirstLevel'
[2019.05.24-23.54.10:680][660]LogNet: Browse: /Game/FirstPersonBP/Maps/Level2
[2019.05.24-23.54.10:681][660]LogLoad: LoadMap: /Game/FirstPersonBP/Maps/Level2
[2019.05.24-23.54.10:859][660]LogAIModule: Creating AISystem for world Level2
[2019.05.24-23.54.10:971][660]LogLoad: Game class is 'MyGamemode_C'
[2019.05.24-23.54.10:973][660]LogWorld: Bringing World /Game/FirstPersonBP/Maps/UEDPIE_0_Level2.Level2 up for play (max tick rate 60) at 2019.05.25-01.54.10
[2019.05.24-23.54.10:973][660]LogWorld: Bringing up level for play took: 0.001428
[2019.05.24-23.54.11:859][660]LogLoad: Took 1.178676 seconds to LoadMap(/Game/FirstPersonBP/Maps/Level2)
[2019.05.24-23.55.57:979][ 22]LogBlueprintUserMessages: Early EndPlayMap Detection: Level '/Game/FirstPersonBP/Maps/FirstLevel.FirstLevel:PersistentLevel' has LevelScriptBlueprint '/Game/FirstPersonBP/Maps/FirstLevel.FirstLevel:PersistentLevel.FirstLevel' with GeneratedClass '/Game/FirstPersonBP/Maps/FirstLevel.FirstLevel_C' with ClassGeneratedBy '/Game/FirstPersonBP/Maps/FirstLevel.FirstLevel:PersistentLevel.FirstLevel'
[2019.05.24-23.55.57:979][ 22]LogSlate: Updating window title bar state: overlay mode, drag disabled, window buttons hidden, title bar hidden
[2019.05.24-23.55.58:013][ 22]LogPlayLevel: Display: Shutting down PIE online subsystems
[2019.05.24-23.55.58:014][ 22]LogBlueprintUserMessages: Late EndPlayMap Detection: Level '/Game/FirstPersonBP/Maps/FirstLevel.FirstLevel:PersistentLevel' has LevelScriptBlueprint '/Game/FirstPersonBP/Maps/FirstLevel.FirstLevel:PersistentLevel.FirstLevel' with GeneratedClass '/Game/FirstPersonBP/Maps/FirstLevel.FirstLevel_C' with ClassGeneratedBy '/Game/FirstPersonBP/Maps/FirstLevel.FirstLevel:PersistentLevel.FirstLevel'
[2019.05.24-23.55.58:048][ 22]LogSlate: Updating window title bar state: overlay mode, drag disabled, window buttons hidden, title bar hidden
[2019.05.24-23.55.58:090][ 24]LogPlayLevel: Display: Destroying online subsystem :Context_11
[2019.05.24-23.56.03:094][318]LogSlate: FSceneViewport::OnFocusLost() reason 0
[2019.05.24-23.56.03:379][326]LogAIModule: Creating AISystem for world Level2
[2019.05.24-23.56.03:385][326]LogAssetEditorManager: Opening Asset editor for World /Game/FirstPersonBP/Maps/Level2.Level2
[2019.05.24-23.56.06:811][326]LogSlate: Window 'Save Content' being destroyed
[2019.05.24-23.56.07:383][326]LogSavePackage: Moving 'C:/Users/FruGo/OneDrive/Gry/GraNaZaliczenie5/Saved/FirstLevel667914264D74BAF4A24410BAEDFB3059.tmp' to 'C:/Users/FruGo/OneDrive/Gry/GraNaZaliczenie5/Content/FirstPersonBP/Maps/FirstLevel.umap'
[2019.05.24-23.56.07:405][326]LogFileHelpers: Saving map 'FirstLevel' took 0.588
[2019.05.24-23.56.07:406][326]Cmd: MAP LOAD FILE="C:/Users/FruGo/OneDrive/Gry/GraNaZaliczenie5/Content/FirstPersonBP/Maps/Level2.umap" TEMPLATE=0 SHOWPROGRESS=1 FEATURELEVEL=3
[2019.05.24-23.56.07:406][326]LightingResults: New page: Lighting Build
[2019.05.24-23.56.07:407][326]LoadErrors: New page: Loading map: Level2.umap
[2019.05.24-23.56.07:409][326]MapCheck: New page: Map Check
[2019.05.24-23.56.07:409][326]LightingResults: New page: Lighting Build
[2019.05.24-23.56.07:450][326]LogEditorServer: Finished looking for orphan Actors (0.000 secs)
[2019.05.24-23.56.07:503][326]Cmd: MAP CHECKDEP NOCLEARLOG
[2019.05.24-23.56.07:623][326]MapCheck: Map check complete: 0 Error(s), 0 Warning(s), took 120,163ms to complete.
[2019.05.24-23.56.07:624][326]LogFileHelpers: Loading map 'Level2' took 0.219
[2019.05.24-23.56.13:355][667]LogSlate: FSceneViewport::OnFocusLost() reason 0
[2019.05.24-23.56.30:909][664]LogSlate: FSceneViewport::OnFocusLost() reason 0
[2019.05.24-23.59.21:659][154]LogAIModule: Creating AISystem for world FirstLevel
[2019.05.24-23.59.21:673][154]LogAssetEditorManager: Opening Asset editor for World /Game/FirstPersonBP/Maps/FirstLevel.FirstLevel
[2019.05.24-23.59.23:587][154]LogSlate: Window 'Save Content' being destroyed
[2019.05.24-23.59.23:747][154]Cmd: OBJ SAVEPACKAGE PACKAGE="/Game/FirstPersonBP/Maps/Level2" FILE="C:/Users/FruGo/OneDrive/Gry/GraNaZaliczenie5/Content/FirstPersonBP/Maps/Level2.umap" SILENT=true AUTOSAVING=false KEEPDIRTY=false
[2019.05.24-23.59.23:827][154]LogSavePackage: Moving 'C:/Users/FruGo/OneDrive/Gry/GraNaZaliczenie5/Saved/Level2F63AC377422732DB6FF715B376A6C0B6.tmp' to 'C:/Users/FruGo/OneDrive/Gry/GraNaZaliczenie5/Content/FirstPersonBP/Maps/Level2.umap'
[2019.05.24-23.59.23:854][154]LogFileHelpers: Saving map 'Level2' took 0.261
[2019.05.24-23.59.23:855][154]Cmd: MAP LOAD FILE="C:/Users/FruGo/OneDrive/Gry/GraNaZaliczenie5/Content/FirstPersonBP/Maps/FirstLevel.umap" TEMPLATE=0 SHOWPROGRESS=1 FEATURELEVEL=3
[2019.05.24-23.59.23:856][154]LightingResults: New page: Lighting Build
[2019.05.24-23.59.23:856][154]LoadErrors: New page: Loading map: FirstLevel.umap
[2019.05.24-23.59.23:858][154]MapCheck: New page: Map Check
[2019.05.24-23.59.23:858][154]LightingResults: New page: Lighting Build
[2019.05.24-23.59.23:899][154]LogEditorServer: Finished looking for orphan Actors (0.000 secs)
[2019.05.24-23.59.23:955][154]Cmd: MAP CHECKDEP NOCLEARLOG
[2019.05.24-23.59.24:084][154]MapCheck: Map check complete: 0 Error(s), 0 Warning(s), took 129,404ms to complete.
[2019.05.24-23.59.24:090][154]LogFileHelpers: Loading map 'FirstLevel' took 0.236
[2019.05.24-23.59.26:940][307]LogAssetEditorManager: Opening Asset editor for LevelScriptBlueprint /Game/FirstPersonBP/Maps/FirstLevel.FirstLevel:PersistentLevel.FirstLevel
[2019.05.25-00.01.07:778][730]LogSlate: Window 'FirstLevel - Level Blueprint Editor' being destroyed
[2019.05.25-00.01.07:783][730]LogSlate: Window 'FirstLevel - Level Blueprint Editor' being destroyed
[2019.05.25-00.01.11:387][938]LogSlate: Window 'GraNaZaliczenie5 - Unreal Editor' being destroyed
[2019.05.25-00.01.11:587][939]Cmd: QUIT_EDITOR
[2019.05.25-00.01.12:307][939]LogWindowsTextInputMethodSystem: Display: IME system now deactivated.
[2019.05.25-00.01.12:317][939]LogExit: Preparing to exit.
[2019.05.25-00.01.12:703][939]LogExit: Editor shut down
[2019.05.25-00.01.12:703][939]LogExit: Transaction tracking system shut down
[2019.05.25-00.01.13:533][939]LogExit: Object subsystem successfully closed.
[2019.05.25-00.01.13:566][939]LogShaderCompilers: Display: Shaders left to compile 0
[2019.05.25-00.01.13:570][939]LogD3D11RHI: Shutdown
[2019.05.25-00.01.13:570][939]LogD3D11RHI: CleanupD3DDevice
[2019.05.25-00.01.13:572][939]LogD3D11RHI: ~FD3D11DynamicRHI
[2019.05.25-00.01.13:584][939]LogModuleManager: Shutting down and abandoning module BlueprintGraph (616)
[2019.05.25-00.01.13:585][939]LogModuleManager: Shutting down and abandoning module MovieSceneCapture (614)
[2019.05.25-00.01.13:585][939]LogModuleManager: Shutting down and abandoning module Voice (612)
[2019.05.25-00.01.13:585][939]LogModuleManager: Shutting down and abandoning module HierarchicalLODOutliner (610)
[2019.05.25-00.01.13:585][939]LogModuleManager: Shutting down and abandoning module SceneOutliner (608)
[2019.05.25-00.01.13:585][939]LogModuleManager: Shutting down and abandoning module AddContentDialog (606)
[2019.05.25-00.01.13:585][939]LogModuleManager: Shutting down and abandoning module WidgetCarousel (605)
[2019.05.25-00.01.13:585][939]LogModuleManager: Shutting down and abandoning module EditorWidgets (602)
[2019.05.25-00.01.13:585][939]LogModuleManager: Shutting down and abandoning module CollectionManager (600)
[2019.05.25-00.01.13:585][939]LogModuleManager: Shutting down and abandoning module StatsViewer (598)
[2019.05.25-00.01.13:585][939]LogModuleManager: Shutting down and abandoning module FoliageEdit (596)
[2019.05.25-00.01.13:585][939]LogModuleManager: Shutting down and abandoning module LandscapeEditor (594)
[2019.05.25-00.01.13:586][939]LogModuleManager: Shutting down and abandoning module MeshPaintMode (592)
[2019.05.25-00.01.13:586][939]LogModuleManager: Shutting down and abandoning module SceneDepthPickerMode (590)
[2019.05.25-00.01.13:586][939]LogModuleManager: Shutting down and abandoning module ActorPickerMode (588)
[2019.05.25-00.01.13:586][939]LogModuleManager: Shutting down and abandoning module GeometryMode (586)
[2019.05.25-00.01.13:586][939]LogModuleManager: Shutting down and abandoning module TextureAlignMode (584)
[2019.05.25-00.01.13:586][939]LogModuleManager: Shutting down and abandoning module BspMode (582)
[2019.05.25-00.01.13:586][939]LogModuleManager: Shutting down and abandoning module PIEPreviewDeviceProfileSelector (580)
[2019.05.25-00.01.13:586][939]LogModuleManager: Shutting down and abandoning module SequenceRecorderSections (578)
[2019.05.25-00.01.13:586][939]LogModuleManager: Shutting down and abandoning module AutomationWorker (576)
[2019.05.25-00.01.13:586][939]LogModuleManager: Shutting down and abandoning module AudioCaptureEditor (574)
[2019.05.25-00.01.13:586][939]LogModuleManager: Shutting down and abandoning module SequenceRecorder (573)
[2019.05.25-00.01.13:586][939]LogModuleManager: Shutting down and abandoning module MatineeToLevelSequence (570)
[2019.05.25-00.01.13:586][939]LogModuleManager: Shutting down and abandoning module LevelSequenceEditor (568)
[2019.05.25-00.01.13:586][939]LogModuleManager: Shutting down and abandoning module PlacementMode (567)
[2019.05.25-00.01.13:586][939]LogModuleManager: Shutting down and abandoning module MaterialEditor (566)
[2019.05.25-00.01.13:586][939]LogModuleManager: Shutting down and abandoning module WmfMediaFactory (562)
[2019.05.25-00.01.13:586][939]LogModuleManager: Shutting down and abandoning module WmfMediaEditor (560)
[2019.05.25-00.01.13:586][939]LogModuleManager: Shutting down and abandoning module MediaPlayerEditor (558)
[2019.05.25-00.01.13:586][939]LogModuleManager: Shutting down and abandoning module OpenExrWrapper (556)
[2019.05.25-00.01.13:586][939]LogModuleManager: Shutting down and abandoning module ImgMediaFactory (554)
[2019.05.25-00.01.13:586][939]LogModuleManager: Shutting down and abandoning module ImgMediaEditor (552)
[2019.05.25-00.01.13:586][939]LogModuleManager: Shutting down and abandoning module AvfMediaFactory (550)
[2019.05.25-00.01.13:586][939]LogModuleManager: Shutting down and abandoning module AvfMediaEditor (548)
[2019.05.25-00.01.13:586][939]LogModuleManager: Shutting down and abandoning module AndroidMediaFactory (546)
[2019.05.25-00.01.13:586][939]LogModuleManager: Shutting down and abandoning module AndroidMediaEditor (544)
[2019.05.25-00.01.13:586][939]LogModuleManager: Shutting down and abandoning module MagicLeapCameraPreviewFactory (542)
[2019.05.25-00.01.13:586][939]LogModuleManager: Shutting down and abandoning module MagicLeapMediaFactory (540)
[2019.05.25-00.01.13:586][939]LogModuleManager: Shutting down and abandoning module MagicLeapMediaEditor (538)
[2019.05.25-00.01.13:586][939]LogModuleManager: Shutting down and abandoning module CharacterAI (536)
[2019.05.25-00.01.13:586][939]LogModuleManager: Shutting down and abandoning module SmartSnapping (534)
[2019.05.25-00.01.13:586][939]LogModuleManager: Shutting down and abandoning module SessionServices (532)
[2019.05.25-00.01.13:586][939]LogModuleManager: Shutting down and abandoning module ViewportSnapping (530)
[2019.05.25-00.01.13:586][939]LogModuleManager: Shutting down and abandoning module ViewportInteraction (528)
[2019.05.25-00.01.13:586][939]LogModuleManager: Shutting down and abandoning module ClothPainter (526)
[2019.05.25-00.01.13:587][939]LogModuleManager: Shutting down and abandoning module SkeletalMeshEditor (525)
[2019.05.25-00.01.13:587][939]LogModuleManager: Shutting down and abandoning module LogVisualizer (522)
[2019.05.25-00.01.13:587][939]LogModuleManager: Shutting down and abandoning module IntroTutorials (520)
[2019.05.25-00.01.13:587][939]LogModuleManager: Shutting down and abandoning module GameProjectGeneration (519)
[2019.05.25-00.01.13:587][939]LogModuleManager: Shutting down and abandoning module LuminPlatformEditor (516)
[2019.05.25-00.01.13:587][939]LogModuleManager: Shutting down and abandoning module IOSPlatformEditor (514)
[2019.05.25-00.01.13:587][939]LogModuleManager: Shutting down and abandoning module HTML5PlatformEditor (512)
[2019.05.25-00.01.13:587][939]LogModuleManager: Shutting down and abandoning module AndroidPlatformEditor (510)
[2019.05.25-00.01.13:587][939]LogModuleManager: Shutting down and abandoning module AndroidDeviceDetection (509)
[2019.05.25-00.01.13:775][939]LogModuleManager: Shutting down and abandoning module WindowsPlatformEditor (506)
[2019.05.25-00.01.13:775][939]LogModuleManager: Shutting down and abandoning module LuminRuntimeSettings (504)
[2019.05.25-00.01.13:775][939]LogModuleManager: Shutting down and abandoning module IOSRuntimeSettings (502)
[2019.05.25-00.01.13:775][939]LogModuleManager: Shutting down and abandoning module AndroidRuntimeSettings (500)
[2019.05.25-00.01.13:775][939]LogModuleManager: Shutting down and abandoning module InputBindingEditor (498)
[2019.05.25-00.01.13:775][939]LogModuleManager: Shutting down and abandoning module MergeActors (496)
[2019.05.25-00.01.13:775][939]LogModuleManager: Shutting down and abandoning module LocalizationDashboard (494)
[2019.05.25-00.01.13:775][939]LogModuleManager: Shutting down and abandoning module LocalizationService (493)
[2019.05.25-00.01.13:776][939]LogModuleManager: Shutting down and abandoning module HardwareTargeting (490)
[2019.05.25-00.01.13:776][939]LogModuleManager: Shutting down and abandoning module DeviceProfileEditor (488)
[2019.05.25-00.01.13:776][939]LogModuleManager: Shutting down and abandoning module UndoHistory (486)
[2019.05.25-00.01.13:776][939]LogModuleManager: Shutting down and abandoning module XmlParser (484)
[2019.05.25-00.01.13:776][939]LogModuleManager: Shutting down and abandoning module Blutility (482)
[2019.05.25-00.01.13:776][939]LogModuleManager: Shutting down and abandoning module ProjectSettingsViewer (480)
[2019.05.25-00.01.13:776][939]LogModuleManager: Shutting down and abandoning module ProjectTargetPlatformEditor (479)
[2019.05.25-00.01.13:776][939]LogModuleManager: Shutting down and abandoning module EditorSettingsViewer (476)
[2019.05.25-00.01.13:776][939]LogModuleManager: Shutting down and abandoning module SettingsEditor (474)
[2019.05.25-00.01.13:776][939]LogModuleManager: Shutting down and abandoning module ProjectLauncher (472)
[2019.05.25-00.01.13:776][939]LogModuleManager: Shutting down and abandoning module SessionFrontend (470)
[2019.05.25-00.01.13:776][939]LogModuleManager: Shutting down and abandoning module ProfilerClient (468)
[2019.05.25-00.01.13:776][939]LogModuleManager: Shutting down and abandoning module DeviceManager (466)
[2019.05.25-00.01.13:776][939]LogModuleManager: Shutting down and abandoning module TargetDeviceServices (465)
[2019.05.25-00.01.13:831][939]LogModuleManager: Shutting down and abandoning module AutomationController (462)
[2019.05.25-00.01.13:831][939]LogModuleManager: Shutting down and abandoning module AutomationWindow (460)
[2019.05.25-00.01.13:831][939]LogModuleManager: Shutting down and abandoning module Layers (458)
[2019.05.25-00.01.13:831][939]LogModuleManager: Shutting down and abandoning module ComponentVisualizers (456)
[2019.05.25-00.01.13:831][939]LogModuleManager: Shutting down and abandoning module DetailCustomizations (454)
[2019.05.25-00.01.13:831][939]LogModuleManager: Shutting down and abandoning module PackagesDialog (452)
[2019.05.25-00.01.13:831][939]LogModuleManager: Shutting down and abandoning module Persona (450)
[2019.05.25-00.01.13:831][939]LogModuleManager: Shutting down and abandoning module AdvancedPreviewScene (449)
[2019.05.25-00.01.13:831][939]LogModuleManager: Shutting down and abandoning module AnimGraph (447)
[2019.05.25-00.01.13:831][939]LogModuleManager: Shutting down and abandoning module Kismet (444)
[2019.05.25-00.01.13:836][939]LogModuleManager: Shutting down and abandoning module GraphEditor (442)
[2019.05.25-00.01.13:836][939]LogModuleManager: Shutting down and abandoning module ClassViewer (440)
[2019.05.25-00.01.13:836][939]LogModuleManager: Shutting down and abandoning module Toolbox (438)
[2019.05.25-00.01.13:836][939]LogModuleManager: Shutting down and abandoning module ModuleUI (436)
[2019.05.25-00.01.13:836][939]LogModuleManager: Shutting down and abandoning module MovieSceneTools (434)
[2019.05.25-00.01.13:837][939]LogModuleManager: Shutting down and abandoning module OutputLog (432)
[2019.05.25-00.01.13:837][939]LogModuleManager: Shutting down and abandoning module GammaUI (430)
[2019.05.25-00.01.13:837][939]LogModuleManager: Shutting down and abandoning module Documentation (428)
[2019.05.25-00.01.13:837][939]LogModuleManager: Shutting down and abandoning module MovieSceneTracks (426)
[2019.05.25-00.01.13:837][939]LogModuleManager: Shutting down and abandoning module MovieScene (424)
[2019.05.25-00.01.13:837][939]LogModuleManager: Shutting down and abandoning module StreamingPauseRendering (422)
[2019.05.25-00.01.13:837][939]LogModuleManager: Shutting down and abandoning module LauncherPlatform (420)
[2019.05.25-00.01.13:837][939]LogModuleManager: Shutting down and abandoning module AnalyticsET (418)
[2019.05.25-00.01.13:837][939]LogModuleManager: Shutting down and abandoning module PortalServices (416)
[2019.05.25-00.01.13:837][939]LogModuleManager: Shutting down and abandoning module PortalRpc (414)
[2019.05.25-00.01.13:837][939]LogModuleManager: Shutting down and abandoning module MessagingRpc (412)
[2019.05.25-00.01.13:837][939]LogModuleManager: Shutting down and abandoning module AIModule (410)
[2019.05.25-00.01.13:837][939]LogModuleManager: Shutting down and abandoning module GameplayDebugger (409)
[2019.05.25-00.01.13:837][939]LogModuleManager: Shutting down and abandoning module AITestSuite (407)
[2019.05.25-00.01.13:837][939]LogModuleManager: Shutting down and abandoning module NavigationSystem (405)
[2019.05.25-00.01.13:837][939]LogModuleManager: Shutting down and abandoning module DesktopPlatform (402)
[2019.05.25-00.01.13:837][939]LogModuleManager: Shutting down and abandoning module ProfilerService (400)
[2019.05.25-00.01.14:045][939]LogModuleManager: Shutting down and abandoning module TaskGraph (398)
[2019.05.25-00.01.14:045][939]LogModuleManager: Shutting down and abandoning module SteamVRController (396)
[2019.05.25-00.01.14:045][939]LogModuleManager: Shutting down and abandoning module ProceduralMeshComponentEditor (394)
[2019.05.25-00.01.14:045][939]LogModuleManager: Shutting down and abandoning module ProceduralMeshComponent (392)
[2019.05.25-00.01.14:045][939]LogModuleManager: Shutting down and abandoning module OculusInput (390)
[2019.05.25-00.01.14:045][939]LogModuleManager: Shutting down and abandoning module MobilePatchingUtils (388)
[2019.05.25-00.01.14:045][939]LogModuleManager: Shutting down and abandoning module EditableMesh (386)
[2019.05.25-00.01.14:045][939]LogModuleManager: Shutting down and abandoning module CustomMeshComponent (384)
[2019.05.25-00.01.14:045][939]LogModuleManager: Shutting down and abandoning module CableComponent (382)
[2019.05.25-00.01.14:045][939]LogModuleManager: Shutting down and abandoning module AudioCapture (380)
[2019.05.25-00.01.14:045][939]LogModuleManager: Shutting down and abandoning module ArchVisCharacter (378)
[2019.05.25-00.01.14:045][939]LogModuleManager: Shutting down and abandoning module AndroidPermission (376)
[2019.05.25-00.01.14:045][939]LogModuleManager: Shutting down and abandoning module NUTUnrealEngine4 (374)
[2019.05.25-00.01.14:045][939]LogModuleManager: Shutting down and abandoning module NetcodeUnitTest (372)
[2019.05.25-00.01.14:046][939]LogModuleManager: Shutting down and abandoning module MediaCompositingEditor (370)
[2019.05.25-00.01.14:046][939]LogModuleManager: Shutting down and abandoning module MediaCompositing (368)
[2019.05.25-00.01.14:046][939]LogModuleManager: Shutting down and abandoning module LinearTimecode (366)
[2019.05.25-00.01.14:046][939]LogModuleManager: Shutting down and abandoning module ImgMedia (364)
[2019.05.25-00.01.14:049][939]LogModuleManager: Shutting down and abandoning module HTML5Networking (362)
[2019.05.25-00.01.14:049][939]LogModuleManager: Shutting down and abandoning module GeometryCacheTracks (360)
[2019.05.25-00.01.14:049][939]LogModuleManager: Shutting down and abandoning module GeometryCacheSequencer (358)
[2019.05.25-00.01.14:049][939]LogModuleManager: Shutting down and abandoning module BackChannel (356)
[2019.05.25-00.01.14:049][939]LogModuleManager: Shutting down and abandoning module AppleVision (354)
[2019.05.25-00.01.14:049][939]LogModuleManager: Shutting down and abandoning module AppleImageUtils (352)
[2019.05.25-00.01.14:049][939]LogModuleManager: Shutting down and abandoning module AlembicImporter (350)
[2019.05.25-00.01.14:049][939]LogModuleManager: Shutting down and abandoning module AlembicLibrary (349)
[2019.05.25-00.01.14:049][939]LogModuleManager: Shutting down and abandoning module GeometryCache (348)
[2019.05.25-00.01.14:049][939]LogModuleManager: Shutting down and abandoning module GeometryCacheEd (347)
[2019.05.25-00.01.14:049][939]LogModuleManager: Shutting down and abandoning module DatasmithContentEditor (342)
[2019.05.25-00.01.14:049][939]LogModuleManager: Shutting down and abandoning module DatasmithContent (340)
[2019.05.25-00.01.14:050][939]LogModuleManager: Shutting down and abandoning module SpeedTreeImporter (338)
[2019.05.25-00.01.14:050][939]LogModuleManager: Shutting down and abandoning module PluginBrowser (336)
[2019.05.25-00.01.14:050][939]LogModuleManager: Shutting down and abandoning module MobileLauncherProfileWizard (334)
[2019.05.25-00.01.14:050][939]LogModuleManager: Shutting down and abandoning module PolygonModeling (332)
[2019.05.25-00.01.14:051][939]LogModuleManager: Shutting down and abandoning module MeshEditor (330)
[2019.05.25-00.01.14:051][939]LogModuleManager: Shutting down and abandoning module CryptoKeysOpenSSL (328)
[2019.05.25-00.01.14:051][939]LogModuleManager: Shutting down and abandoning module CryptoKeys (326)
[2019.05.25-00.01.14:051][939]LogModuleManager: Shutting down and abandoning module VisualStudioSourceCodeAccess (324)
[2019.05.25-00.01.14:051][939]LogModuleManager: Shutting down and abandoning module VisualStudioCodeSourceCodeAccess (322)
[2019.05.25-00.01.14:051][939]LogModuleManager: Shutting down and abandoning module UObjectPlugin (320)
[2019.05.25-00.01.14:051][939]LogModuleManager: Shutting down and abandoning module SubversionSourceControl (318)
[2019.05.25-00.01.14:051][939]LogModuleManager: Shutting down and abandoning module PerforceSourceControl (316)
[2019.05.25-00.01.14:051][939]LogModuleManager: Shutting down and abandoning module GitSourceControl (314)
[2019.05.25-00.01.14:051][939]LogModuleManager: Shutting down and abandoning module SourceControl (313)
[2019.05.25-00.01.14:051][939]LogModuleManager: Shutting down and abandoning module CLionSourceCodeAccess (310)
[2019.05.25-00.01.14:051][939]LogModuleManager: Shutting down and abandoning module LightPropagationVolumeEditor (308)
[2019.05.25-00.01.14:051][939]LogModuleManager: Shutting down and abandoning module PaperTiledImporter (306)
[2019.05.25-00.01.14:051][939]LogModuleManager: Shutting down and abandoning module PaperSpriteSheetImporter (304)
[2019.05.25-00.01.14:051][939]LogModuleManager: Shutting down and abandoning module Paper2DEditor (302)
[2019.05.25-00.01.14:052][939]LogModuleManager: Shutting down and abandoning module MeshPaint (301)
[2019.05.25-00.01.14:052][939]LogModuleManager: Shutting down and abandoning module RuntimePhysXCooking (298)
[2019.05.25-00.01.14:052][939]LogModuleManager: Shutting down and abandoning module PhysXVehiclesEditor (296)
[2019.05.25-00.01.14:052][939]LogModuleManager: Shutting down and abandoning module PhysXVehicles (294)
[2019.05.25-00.01.14:052][939]LogModuleManager: Shutting down and abandoning module OculusEditor (292)
[2019.05.25-00.01.14:052][939]LogModuleManager: Shutting down and abandoning module LocationServicesBPLibrary (290)
[2019.05.25-00.01.14:052][939]LogModuleManager: Shutting down and abandoning module ImmediatePhysicsEditor (288)
[2019.05.25-00.01.14:052][939]LogModuleManager: Shutting down and abandoning module ImmediatePhysics (286)
[2019.05.25-00.01.14:052][939]LogModuleManager: Shutting down and abandoning module ActorSequence (284)
[2019.05.25-00.01.14:052][939]LogModuleManager: Shutting down and abandoning module UdpMessaging (282)
[2019.05.25-00.01.14:153][939]LogModuleManager: Shutting down and abandoning module TcpMessaging (280)
[2019.05.25-00.01.14:254][939]LogModuleManager: Shutting down and abandoning module MagicLeapAudio (278)
[2019.05.25-00.01.14:254][939]LogModuleManager: Shutting down and abandoning module GameplayTagsEditor (276)
[2019.05.25-00.01.14:254][939]LogModuleManager: Shutting down and abandoning module FacialAnimationEditor (274)
[2019.05.25-00.01.14:254][939]LogModuleManager: Shutting down and abandoning module FacialAnimation (272)
[2019.05.25-00.01.14:254][939]LogModuleManager: Shutting down and abandoning module DataValidation (270)
[2019.05.25-00.01.14:254][939]LogModuleManager: Shutting down and abandoning module AssetManagerEditor (268)
[2019.05.25-00.01.14:254][939]LogModuleManager: Shutting down and abandoning module LevelEditor (267)
[2019.05.25-00.01.14:255][939]LogModuleManager: Shutting down and abandoning module PixelInspectorModule (266)
[2019.05.25-00.01.14:255][939]LogModuleManager: Shutting down and abandoning module CommonMenuExtensions (264)
[2019.05.25-00.01.14:255][939]LogModuleManager: Shutting down and abandoning module MainFrame (262)
[2019.05.25-00.01.14:255][939]LogModuleManager: Shutting down and abandoning module HotReload (261)
[2019.05.25-00.01.14:255][939]LogModuleManager: Shutting down and abandoning module ContentBrowser (257)
[2019.05.25-00.01.14:256][939]LogModuleManager: Shutting down and abandoning module TreeMap (255)
[2019.05.25-00.01.14:256][939]LogModuleManager: Shutting down and abandoning module LightPropagationVolumeRuntime (252)
[2019.05.25-00.01.14:256][939]LogModuleManager: Shutting down and abandoning module AISupportModule (250)
[2019.05.25-00.01.14:256][939]LogModuleManager: Shutting down and abandoning module Paper2D (248)
[2019.05.25-00.01.14:256][939]LogModuleManager: Shutting down and abandoning module WindowsMoviePlayer (246)
[2019.05.25-00.01.14:256][939]LogModuleManager: Shutting down and abandoning module WmfMedia (244)
[2019.05.25-00.01.14:258][939]LogModuleManager: Shutting down and abandoning module Media (243)
[2019.05.25-00.01.14:264][939]LogModuleManager: Shutting down and abandoning module PacketHandler (240)
[2019.05.25-00.01.14:264][939]LogModuleManager: Shutting down and abandoning module ClothingSystemEditor (238)
[2019.05.25-00.01.14:264][939]LogModuleManager: Shutting down and abandoning module ClothingSystemRuntime (236)
[2019.05.25-00.01.14:264][939]LogModuleManager: Shutting down and abandoning module MediaAssets (234)
[2019.05.25-00.01.14:264][939]LogModuleManager: Shutting down and abandoning module Overlay (232)
[2019.05.25-00.01.14:264][939]LogModuleManager: Shutting down and abandoning module OverlayEditor (231)
[2019.05.25-00.01.14:264][939]LogModuleManager: Shutting down and abandoning module VREditor (228)
[2019.05.25-00.01.14:264][939]LogModuleManager: Shutting down and abandoning module StringTableEditor (226)
[2019.05.25-00.01.14:264][939]LogModuleManager: Shutting down and abandoning module GameplayTasksEditor (224)
[2019.05.25-00.01.14:264][939]LogModuleManager: Shutting down and abandoning module BehaviorTreeEditor (222)
[2019.05.25-00.01.14:264][939]LogModuleManager: Shutting down and abandoning module FunctionalTesting (220)
[2019.05.25-00.01.14:264][939]LogModuleManager: Shutting down and abandoning module CollisionAnalyzer (218)
[2019.05.25-00.01.14:264][939]LogModuleManager: Shutting down and abandoning module WorkspaceMenuStructure (217)
[2019.05.25-00.01.14:264][939]LogModuleManager: Shutting down and abandoning module UMG (214)
[2019.05.25-00.01.14:264][939]LogModuleManager: Shutting down and abandoning module UMGEditor (213)
[2019.05.25-00.01.14:264][939]LogModuleManager: Shutting down and abandoning module Sequencer (212)
[2019.05.25-00.01.14:265][939]LogModuleManager: Shutting down and abandoning module MessageLog (209)
[2019.05.25-00.01.14:265][939]LogModuleManager: Shutting down and abandoning module SlateReflector (204)
[2019.05.25-00.01.14:265][939]LogModuleManager: Shutting down and abandoning module Slate (202)
[2019.05.25-00.01.14:265][939]LogModuleManager: Shutting down and abandoning module EditorStyle (200)
[2019.05.25-00.01.14:266][939]LogModuleManager: Shutting down and abandoning module MRMesh (198)
[2019.05.25-00.01.14:266][939]LogModuleManager: Shutting down and abandoning module SourceCodeAccess (196)
[2019.05.25-00.01.14:267][939]LogModuleManager: Shutting down and abandoning module HeadMountedDisplay (194)
[2019.05.25-00.01.14:267][939]LogModuleManager: Shutting down and abandoning module XAudio2 (192)
[2019.05.25-00.01.14:267][939]LogModuleManager: Shutting down and abandoning module Networking (190)
[2019.05.25-00.01.14:267][939]LogModuleManager: Shutting down and abandoning module Core (188)
[2019.05.25-00.01.14:267][939]LogModuleManager: Shutting down and abandoning module LevelSequence (186)
[2019.05.25-00.01.14:267][939]LogModuleManager: Shutting down and abandoning module KismetCompiler (184)
[2019.05.25-00.01.14:267][939]LogModuleManager: Shutting down and abandoning module MeshUtilities (182)
[2019.05.25-00.01.14:267][939]LogModuleManager: Shutting down and abandoning module MeshMergeUtilities (181)
[2019.05.25-00.01.14:267][939]LogModuleManager: Shutting down and abandoning module MeshReductionInterface (180)
[2019.05.25-00.01.14:267][939]LogModuleManager: Shutting down and abandoning module SimplygonSwarm (179)
[2019.05.25-00.01.14:267][939]LogModuleManager: Shutting down and abandoning module ProxyLODMeshReduction (177)
[2019.05.25-00.01.14:267][939]LogModuleManager: Shutting down and abandoning module SimplygonMeshReduction (175)
[2019.05.25-00.01.14:267][939]LogModuleManager: Shutting down and abandoning module QuadricMeshReduction (173)
[2019.05.25-00.01.14:267][939]LogModuleManager: Shutting down and abandoning module MaterialBaking (169)
[2019.05.25-00.01.14:267][939]LogModuleManager: Shutting down and abandoning module DirectoryWatcher (165)
[2019.05.25-00.01.14:267][939]LogModuleManager: Shutting down and abandoning module DerivedDataCache (162)
[2019.05.25-00.01.14:275][939]LogDerivedDataCache: Shutdown
[2019.05.25-00.01.14:275][939]LogModuleManager: Shutting down and abandoning module XGEController (160)
[2019.05.25-00.01.14:275][939]LogModuleManager: Shutting down and abandoning module TargetPlatform (158)
[2019.05.25-00.01.14:275][939]LogModuleManager: Shutting down and abandoning module VulkanShaderFormat (157)
[2019.05.25-00.01.14:275][939]LogModuleManager: Shutting down and abandoning module ShaderFormatVectorVM (155)
[2019.05.25-00.01.14:275][939]LogModuleManager: Shutting down and abandoning module ShaderFormatOpenGL (153)
[2019.05.25-00.01.14:275][939]LogModuleManager: Shutting down and abandoning module ShaderFormatD3D (151)
[2019.05.25-00.01.14:275][939]LogModuleManager: Shutting down and abandoning module MetalShaderFormat (149)
[2019.05.25-00.01.14:275][939]LogModuleManager: Shutting down and abandoning module TextureFormatUncompressed (147)
[2019.05.25-00.01.14:275][939]LogModuleManager: Shutting down and abandoning module TextureFormatPVR (145)
[2019.05.25-00.01.14:275][939]LogModuleManager: Shutting down and abandoning module TextureFormatDXT (143)
[2019.05.25-00.01.14:275][939]LogModuleManager: Shutting down and abandoning module TextureFormatIntelISPCTexComp (141)
[2019.05.25-00.01.14:276][939]LogModuleManager: Shutting down and abandoning module TextureFormatASTC (139)
[2019.05.25-00.01.14:276][939]LogModuleManager: Shutting down and abandoning module ImageWrapper (138)
[2019.05.25-00.01.14:276][939]LogModuleManager: Shutting down and abandoning module TextureFormatAndroid (135)
[2019.05.25-00.01.14:276][939]LogModuleManager: Shutting down and abandoning module AudioFormatOpus (133)
[2019.05.25-00.01.14:276][939]LogModuleManager: Shutting down and abandoning module AudioFormatOgg (131)
[2019.05.25-00.01.14:276][939]LogModuleManager: Shutting down and abandoning module AudioFormatADPCM (129)
[2019.05.25-00.01.14:276][939]LogModuleManager: Shutting down and abandoning module LuminTargetPlatform (127)
[2019.05.25-00.01.14:276][939]LogModuleManager: Shutting down and abandoning module LinuxTargetPlatform (125)
[2019.05.25-00.01.14:276][939]LogModuleManager: Shutting down and abandoning module LinuxServerTargetPlatform (123)
[2019.05.25-00.01.14:276][939]LogModuleManager: Shutting down and abandoning module LinuxNoEditorTargetPlatform (121)
[2019.05.25-00.01.14:276][939]LogModuleManager: Shutting down and abandoning module LinuxClientTargetPlatform (119)
[2019.05.25-00.01.14:276][939]LogModuleManager: Shutting down and abandoning module TVOSTargetPlatform (117)
[2019.05.25-00.01.14:277][939]LogModuleManager: Shutting down and abandoning module Messaging (115)
[2019.05.25-00.01.14:277][939]LogModuleManager: Shutting down and abandoning module IOSTargetPlatform (113)
[2019.05.25-00.01.14:277][939]LogModuleManager: Shutting down and abandoning module HTML5TargetPlatform (111)
[2019.05.25-00.01.14:277][939]LogModuleManager: Shutting down and abandoning module AndroidTargetPlatform (109)
[2019.05.25-00.01.14:284][939]LogModuleManager: Shutting down and abandoning module WindowsTargetPlatform (107)
[2019.05.25-00.01.14:284][939]LogModuleManager: Shutting down and abandoning module WindowsServerTargetPlatform (105)
[2019.05.25-00.01.14:284][939]LogModuleManager: Shutting down and abandoning module WindowsNoEditorTargetPlatform (103)
[2019.05.25-00.01.14:284][939]LogModuleManager: Shutting down and abandoning module WindowsClientTargetPlatform (101)
[2019.05.25-00.01.14:284][939]LogModuleManager: Shutting down and abandoning module MacTargetPlatform (99)
[2019.05.25-00.01.14:284][939]LogModuleManager: Shutting down and abandoning module MacServerTargetPlatform (97)
[2019.05.25-00.01.14:284][939]LogModuleManager: Shutting down and abandoning module MacNoEditorTargetPlatform (95)
[2019.05.25-00.01.14:284][939]LogModuleManager: Shutting down and abandoning module MacClientTargetPlatform (93)
[2019.05.25-00.01.14:284][939]LogModuleManager: Shutting down and abandoning module AllDesktopTargetPlatform (91)
[2019.05.25-00.01.14:284][939]LogModuleManager: Shutting down and abandoning module InputCore (88)
[2019.05.25-00.01.14:284][939]LogModuleManager: Shutting down and abandoning module Settings (86)
[2019.05.25-00.01.14:284][939]LogModuleManager: Shutting down and abandoning module PhysXCooking (84)
[2019.05.25-00.01.14:284][939]LogModuleManager: Shutting down and abandoning module SteamVR (82)
[2019.05.25-00.01.14:284][939]LogModuleManager: Shutting down and abandoning module OculusHMD (80)
[2019.05.25-00.01.14:284][939]LogModuleManager: Shutting down and abandoning module ExampleDeviceProfileSelector (78)
[2019.05.25-00.01.14:284][939]LogModuleManager: Shutting down and abandoning module LauncherChunkInstaller (76)
[2019.05.25-00.01.14:284][939]LogModuleManager: Shutting down and abandoning module OnlineBlueprintSupport (74)
[2019.05.25-00.01.14:284][939]LogModuleManager: Shutting down and abandoning module OnlineSubsystem (70)
[2019.05.25-00.01.14:285][939]LogModuleManager: Shutting down and abandoning module XMPP (65)
[2019.05.25-00.01.14:285][939]LogModuleManager: Shutting down and abandoning module WebSockets (64)
[2019.05.25-00.01.14:312][939]LogModuleManager: Shutting down and abandoning module HTTP (61)
[2019.05.25-00.01.14:312][939]LogHttp: Display: Http module shutting down, but needs to wait on 1 outstanding Http requests:
[2019.05.25-00.01.14:312][939]LogHttp: Display: 	verb=[POST] url=[https://datarouter.ol.epicgames.com/datarouter/api/v1/public/data?SessionID=%7B959467CB-4906-1E02-D375-7DA6370C1B4C%7D&AppID=UEEditor.Rocket.Release&AppVersion=4.20.3-4369336%2B%2B%2BUE4%2BRelease-4.20&UserID=6cb0190d433e5c1bcd422595f0265a6f%7Ccb51f89d13774c27b45de33e2420c457%7Cffa16f76-d6dd-46a3-8711-d50984a4ce4a&AppEnvironment=datacollector-binary&UploadType=eteventstream] status=Processing
[2019.05.25-00.01.14:339][939]LogModuleManager: Shutting down and abandoning module SSL (60)
[2019.05.25-00.01.14:340][939]LogModuleManager: Shutting down and abandoning module MagicLeapEmulator (56)
[2019.05.25-00.01.14:340][939]LogModuleManager: Shutting down and abandoning module MagicLeapPrivileges (54)
[2019.05.25-00.01.14:340][939]LogModuleManager: Shutting down and abandoning module MagicLeapIdentity (52)
[2019.05.25-00.01.14:340][939]LogModuleManager: Shutting down and abandoning module MagicLeapHelperVulkan (50)
[2019.05.25-00.01.14:340][939]LogModuleManager: Shutting down and abandoning module MagicLeapHelperOpenGL (48)
[2019.05.25-00.01.14:340][939]LogModuleManager: Shutting down and abandoning module MagicLeapSecureStorage (46)
[2019.05.25-00.01.14:340][939]LogModuleManager: Shutting down and abandoning module MagicLeapGestures (44)
[2019.05.25-00.01.14:340][939]LogModuleManager: Shutting down and abandoning module MagicLeapEyeTracker (42)
[2019.05.25-00.01.14:340][939]LogModuleManager: Shutting down and abandoning module MagicLeapController (40)
[2019.05.25-00.01.14:340][939]LogSlate: Slate User Destroyed.  User Index 0, Is Virtual User: 0
[2019.05.25-00.01.14:340][939]LogModuleManager: Shutting down and abandoning module MagicLeap (38)
[2019.05.25-00.01.14:340][939]LogModuleManager: Shutting down and abandoning module AnimationModifiers (36)
[2019.05.25-00.01.14:340][939]LogModuleManager: Shutting down and abandoning module PropertyEditor (35)
[2019.05.25-00.01.14:340][939]LogModuleManager: Shutting down and abandoning module AudioEditor (32)
[2019.05.25-00.01.14:340][939]LogModuleManager: Shutting down and abandoning module TextureCompressor (30)
[2019.05.25-00.01.14:341][939]LogModuleManager: Shutting down and abandoning module ShaderCore (28)
[2019.05.25-00.01.14:341][939]LogModuleManager: Shutting down and abandoning module Landscape (26)
[2019.05.25-00.01.14:341][939]LogModuleManager: Shutting down and abandoning module SlateRHIRenderer (24)
[2019.05.25-00.01.14:341][939]LogModuleManager: Shutting down and abandoning module OpenGLDrv (22)
[2019.05.25-00.01.14:341][939]LogModuleManager: Shutting down and abandoning module D3D11RHI (20)
[2019.05.25-00.01.14:341][939]LogModuleManager: Shutting down and abandoning module AnimGraphRuntime (18)
[2019.05.25-00.01.14:341][939]LogModuleManager: Shutting down and abandoning module Renderer (16)
[2019.05.25-00.01.14:341][939]LogModuleManager: Shutting down and abandoning module Engine (14)
[2019.05.25-00.01.14:341][939]LogModuleManager: Shutting down and abandoning module CoreUObject (12)
[2019.05.25-00.01.14:341][939]LogModuleManager: Shutting down and abandoning module NetworkFile (10)
[2019.05.25-00.01.14:341][939]LogModuleManager: Shutting down and abandoning module CookedIterativeFile (8)
[2019.05.25-00.01.14:341][939]LogModuleManager: Shutting down and abandoning module StreamingFile (6)
[2019.05.25-00.01.14:341][939]LogModuleManager: Shutting down and abandoning module SandboxFile (4)
[2019.05.25-00.01.14:341][939]LogModuleManager: Shutting down and abandoning module PakFile (2)
[2019.05.25-00.01.14:345][939]LogExit: Exiting.
[2019.05.25-00.01.14:348][939]Log file closed, 05/25/19 02:01:14
