Log file open, 05/25/19 13:15:03
LogWindows: Failed to load 'aqProf.dll' (GetLastError=126)
LogWindows: File 'aqProf.dll' does not exist
LogWindows: Failed to load 'VtuneApi.dll' (GetLastError=126)
LogWindows: File 'VtuneApi.dll' does not exist
LogWindows: Failed to load 'VtuneApi32e.dll' (GetLastError=126)
LogWindows: File 'VtuneApi32e.dll' does not exist
LogInit: Display: Running engine for game: GraNaZaliczenie5
LogPlatformFile: Not using cached read wrapper
LogTaskGraph: Started task graph with 5 named threads and 14 total threads with 3 sets of task threads.
LogStats: Stats thread started at 0.211244
LogD3D11RHI: Loaded GFSDK_Aftermath_Lib.x64.dll
LogICUInternationalization: Display: ICU TimeZone Detection - Raw Offset: +1:00, Platform Override: ''
LogPluginManager: Mounting plugin Paper2D
LogPluginManager: Mounting plugin AISupport
LogPluginManager: Mounting plugin LightPropagationVolume
LogPluginManager: Mounting plugin CLionSourceCodeAccess
LogPluginManager: Mounting plugin CodeLiteSourceCodeAccess
LogPluginManager: Mounting plugin GitSourceControl
LogPluginManager: Mounting plugin KDevelopSourceCodeAccess
LogPluginManager: Mounting plugin NullSourceCodeAccess
LogPluginManager: Mounting plugin PerforceSourceControl
LogPluginManager: Mounting plugin SubversionSourceControl
LogPluginManager: Mounting plugin UObjectPlugin
LogPluginManager: Mounting plugin VisualStudioCodeSourceCodeAccess
LogPluginManager: Mounting plugin VisualStudioSourceCodeAccess
LogPluginManager: Mounting plugin XCodeSourceCodeAccess
LogPluginManager: Mounting plugin AssetManagerEditor
LogPluginManager: Mounting plugin CryptoKeys
LogPluginManager: Mounting plugin DataValidation
LogPluginManager: Mounting plugin FacialAnimation
LogPluginManager: Mounting plugin GameplayTagsEditor
LogPluginManager: Mounting plugin MacGraphicsSwitching
LogPluginManager: Mounting plugin MeshEditor
LogPluginManager: Mounting plugin MobileLauncherProfileWizard
LogPluginManager: Mounting plugin PluginBrowser
LogPluginManager: Mounting plugin SpeedTreeImporter
LogPluginManager: Mounting plugin DatasmithContent
LogPluginManager: Mounting plugin AlembicImporter
LogPluginManager: Mounting plugin AppleImageUtils
LogPluginManager: Mounting plugin AppleVision
LogPluginManager: Mounting plugin BackChannel
LogPluginManager: Mounting plugin CharacterAI
LogPluginManager: Mounting plugin GeometryCache
LogPluginManager: Mounting plugin HTML5Networking
LogPluginManager: Mounting plugin ProxyLODPlugin
LogPluginManager: Mounting plugin MagicLeap
LogPluginManager: Mounting plugin MagicLeapEmulator
LogPluginManager: Mounting plugin MagicLeapMedia
LogPluginManager: Mounting plugin AndroidMedia
LogPluginManager: Mounting plugin AvfMedia
LogPluginManager: Mounting plugin ImgMedia
LogPluginManager: Mounting plugin LinearTimecode
LogPluginManager: Mounting plugin MediaCompositing
LogPluginManager: Mounting plugin MediaPlayerEditor
LogPluginManager: Mounting plugin WmfMedia
LogPluginManager: Mounting plugin TcpMessaging
LogPluginManager: Mounting plugin UdpMessaging
LogPluginManager: Mounting plugin ActorSequence
LogPluginManager: Mounting plugin LevelSequenceEditor
LogPluginManager: Mounting plugin MatineeToLevelSequence
LogPluginManager: Mounting plugin NetcodeUnitTest
LogPluginManager: Mounting plugin NUTUnrealEngine4
LogPluginManager: Mounting plugin OnlineSubsystemGooglePlay
LogPluginManager: Mounting plugin OnlineSubsystemIOS
LogPluginManager: Mounting plugin OnlineSubsystem
LogPluginManager: Mounting plugin OnlineSubsystemNull
LogPluginManager: Mounting plugin OnlineSubsystemUtils
LogPluginManager: Mounting plugin LauncherChunkInstaller
LogPluginManager: Mounting plugin AndroidDeviceProfileSelector
LogPluginManager: Mounting plugin AndroidMoviePlayer
LogPluginManager: Mounting plugin AndroidPermission
LogPluginManager: Mounting plugin AppleMoviePlayer
LogPluginManager: Mounting plugin ArchVisCharacter
LogPluginManager: Mounting plugin AudioCapture
LogPluginManager: Mounting plugin CableComponent
LogPluginManager: Mounting plugin CustomMeshComponent
LogPluginManager: Mounting plugin EditableMesh
LogPluginManager: Mounting plugin ExampleDeviceProfileSelector
LogPluginManager: Mounting plugin GoogleCloudMessaging
LogPluginManager: Mounting plugin ImmediatePhysics
LogPluginManager: Mounting plugin IOSDeviceProfileSelector
LogPluginManager: Mounting plugin LinuxDeviceProfileSelector
LogPluginManager: Mounting plugin LocationServicesBPLibrary
LogPluginManager: Mounting plugin MobilePatchingUtils
LogPluginManager: Mounting plugin OculusVR
LogPluginManager: Plugin shader directory ../../../Engine/Plugins/Runtime/Oculus/OculusVR/Shaders found
LogPluginManager: Mapping shader source directory ../../../Engine/Plugins/Runtime/Oculus/OculusVR/Shaders to virtual directory /Plugin/OculusVR
LogPluginManager: Mounting plugin PhysXVehicles
LogPluginManager: Mounting plugin ProceduralMeshComponent
LogPluginManager: Mounting plugin RuntimePhysXCooking
LogPluginManager: Mounting plugin SteamVR
LogPluginManager: Mounting plugin WindowsMoviePlayer
LogStreaming: Display: Took  6.840s to configure plugins.
LogInit: Using libcurl 7.55.1-DEV
LogInit:  - built for x86_64-pc-win32
LogInit:  - supports SSL with OpenSSL/1.0.2h
LogInit:  - supports HTTP deflate (compression) using libz 1.2.8
LogInit:  - other features:
LogInit:      CURL_VERSION_SSL
LogInit:      CURL_VERSION_LIBZ
LogInit:      CURL_VERSION_IPV6
LogInit:      CURL_VERSION_ASYNCHDNS
LogInit:      CURL_VERSION_LARGEFILE
LogInit:      CURL_VERSION_IDN
LogInit:  CurlRequestOptions (configurable via config and command line):
LogInit:  - bVerifyPeer = false  - Libcurl will NOT verify peer certificate
LogInit:  - bUseHttpProxy = false  - Libcurl will NOT use HTTP proxy
LogInit:  - bDontReuseConnections = false  - Libcurl will reuse connections
LogInit:  - CertBundlePath = nullptr  - Libcurl will use whatever was configured at build time.
LogInit:  - MaxHostConnections = 16  - Libcurl will limit the number of connections to a host
LogInit:  - LocalHostAddr = Default
LogInit:  - BufferSize = 65536
LogInit: WinSock: version 1.1 (2.2), MaxSocks=32767, MaxUdp=65467
LogInit: Build: ++UE4+Release-4.20-CL-4369336
LogInit: Engine Version: 4.20.3-4369336+++UE4+Release-4.20
LogInit: Compatible Engine Version: 4.20.0-4212847+++UE4+Release-4.20
LogInit: Net CL: 4212847
LogInit: OS: Windows 10 (), CPU: Intel(R) Core(TM) i5-6300HQ CPU @ 2.30GHz, GPU: Intel(R) HD Graphics 530
LogInit: Compiled (64-bit): Sep 17 2018 12:26:19
LogInit: Compiled with Visual C++: 19.13.26129.00
LogInit: Build Configuration: Development
LogInit: Branch Name: ++UE4+Release-4.20
LogInit: Command Line:  
LogInit: Base Directory: D:/Gry/Epic Games/UE_4.20/Engine/Binaries/Win64/
LogInit: Installed Engine Build: 1
LogDevObjectVersion: Number of dev versions registered: 20
LogDevObjectVersion:   Dev-Blueprints (B0D832E4-1F89-4F0D-ACCF-7EB736FD4AA2): 10
LogDevObjectVersion:   Dev-Build (E1C64328-A22C-4D53-A36C-8E866417BD8C): 0
LogDevObjectVersion:   Dev-Core (375EC13C-06E4-48FB-B500-84F0262A717E): 2
LogDevObjectVersion:   Dev-Editor (E4B068ED-F494-42E9-A231-DA0B2E46BB41): 24
LogDevObjectVersion:   Dev-Framework (CFFC743F-43B0-4480-9391-14DF171D2073): 34
LogDevObjectVersion:   Dev-Mobile (B02B49B5-BB20-44E9-A304-32B752E40360): 2
LogDevObjectVersion:   Dev-Networking (A4E4105C-59A1-49B5-A7C5-40C4547EDFEE): 0
LogDevObjectVersion:   Dev-Online (39C831C9-5AE6-47DC-9A44-9C173E1C8E7C): 0
LogDevObjectVersion:   Dev-Physics (78F01B33-EBEA-4F98-B9B4-84EACCB95AA2): 0
LogDevObjectVersion:   Dev-Platform (6631380F-2D4D-43E0-8009-CF276956A95A): 0
LogDevObjectVersion:   Dev-Rendering (12F88B9F-8875-4AFC-A67C-D90C383ABD29): 26
LogDevObjectVersion:   Dev-Sequencer (7B5AE74C-D270-4C10-A958-57980B212A5A): 9
LogDevObjectVersion:   Dev-VR (D7296918-1DD6-4BDD-9DE2-64A83CC13884): 2
LogDevObjectVersion:   Dev-LoadTimes (C2A15278-BFE7-4AFE-6C17-90FF531DF755): 1
LogDevObjectVersion:   Private-Geometry (6EACA3D4-40EC-4CC1-B786-8BED09428FC5): 3
LogDevObjectVersion:   Dev-AnimPhys (29E575DD-E0A3-4627-9D10-D276232CDCEA): 17
LogDevObjectVersion:   Dev-ReflectionCapture (6B266CEC-1EC7-4B8F-A30B-E4D90942FC07): 1
LogDevObjectVersion:   Dev-Automation (0DF73D61-A23F-47EA-B727-89E90C41499A): 1
LogDevObjectVersion:   FortniteMain (601D1886-AC64-4F84-AA16-D3DE0DEAC7D6): 12
LogDevObjectVersion:   Dev-Enterprise (9DFFBCD6-494F-0158-E221-12823C92A888): 1
LogStreaming: Display: Took  0.001s to delete old logs.
LogInit: Presizing for max 8388607 objects, including 0 objects not considered by GC, pre-allocating 0 bytes for permanent pool.
LogInit: Object subsystem initialized
[2019.05.25-11.15.09:764][  0]LogInit: Selected Device Profile: [Windows]
[2019.05.25-11.15.09:764][  0]LogInit: Applying CVar settings loaded from the selected device profile: [Windows]
[2019.05.25-11.15.11:215][  0]LogHAL: Display: Platform has ~ 8 GB [8483893248 / 8589934592 / 8], which maps to Default [LargestMinGB=32, LargerMinGB=12, DefaultMinGB=8, SmallerMinGB=6, SmallestMinGB=0)
[2019.05.25-11.15.11:215][  0]LogInit: Setting Device Profile CVar: [[r.Vulkan.UseRealUBs:1]]
[2019.05.25-11.15.11:215][  0]LogInit: Going up to parent DeviceProfile []
[2019.05.25-11.15.11:215][  0]LogInit: Computer: DESKTOP-0J089ST
[2019.05.25-11.15.11:215][  0]LogInit: User: FruGo
[2019.05.25-11.15.11:215][  0]LogInit: CPU Page size=4096, Cores=4
[2019.05.25-11.15.11:215][  0]LogInit: High frequency timer resolution =2.250000 MHz
[2019.05.25-11.15.11:216][  0]LogMemory: Memory total: Physical=7.9GB (8GB approx)
[2019.05.25-11.15.11:216][  0]LogMemory: Platform Memory Stats for Windows
[2019.05.25-11.15.11:216][  0]LogMemory: Process Physical Memory: 99.83 MB used, 99.83 MB peak
[2019.05.25-11.15.11:216][  0]LogMemory: Process Virtual Memory: 90.50 MB used, 90.50 MB peak
[2019.05.25-11.15.11:216][  0]LogMemory: Physical Memory: 3908.98 MB used,  4181.89 MB free, 8090.87 MB total
[2019.05.25-11.15.11:216][  0]LogMemory: Virtual Memory: 4613.01 MB used,  4181.89 MB free, 134217728.00 MB total
[2019.05.25-11.15.11:246][  0]LogInit: Using OS detected language (pl-PL).
[2019.05.25-11.15.11:246][  0]LogInit: Using OS detected locale (pl-PL).
[2019.05.25-11.15.11:248][  0]LogTextLocalizationManager: No specific localization for 'pl-PL' exists, so the 'pl' localization will be used.
[2019.05.25-11.15.11:250][  0]LogStreaming: Display: Took  0.004s to InitEngineTextLocalization.
[2019.05.25-11.15.11:250][  0]LogInit: Setting process to per monitor DPI aware
[2019.05.25-11.15.12:428][  0]LogSlate: New Slate User Created.  User Index 0, Is Virtual User: 0
[2019.05.25-11.15.12:428][  0]LogSlate: Slate User Registered.  User Index 0, Is Virtual User: 0
[2019.05.25-11.15.12:725][  0]LogHMD: Failed to initialize OpenVR with code 110
[2019.05.25-11.15.12:725][  0]LogD3D11RHI: D3D11 adapters:
[2019.05.25-11.15.13:202][  0]LogD3D11RHI:    0. 'NVIDIA GeForce GTX 960M' (Feature Level 11_0)
[2019.05.25-11.15.13:202][  0]LogD3D11RHI:       4055/0/4045 MB DedicatedVideo/DedicatedSystem/SharedSystem, Outputs:1, VendorId:0x10de
[2019.05.25-11.15.13:213][  0]LogD3D11RHI:    1. 'Intel(R) HD Graphics 530' (Feature Level 11_0)
[2019.05.25-11.15.13:213][  0]LogD3D11RHI:       128/0/4045 MB DedicatedVideo/DedicatedSystem/SharedSystem, Outputs:0, VendorId:0x8086
[2019.05.25-11.15.13:215][  0]LogD3D11RHI:    2. 'Microsoft Basic Render Driver' (Feature Level 11_0)
[2019.05.25-11.15.13:215][  0]LogD3D11RHI:       0/0/4045 MB DedicatedVideo/DedicatedSystem/SharedSystem, Outputs:0, VendorId:0x1414
[2019.05.25-11.15.13:215][  0]LogD3D11RHI: Chosen D3D11 Adapter: 0
[2019.05.25-11.15.13:261][  0]LogD3D11RHI: Creating new Direct3DDevice
[2019.05.25-11.15.13:261][  0]LogD3D11RHI:     GPU DeviceId: 0x139b (for the marketing name, search the web for "GPU Device Id")
[2019.05.25-11.15.13:261][  0]LogWindows: EnumDisplayDevices:
[2019.05.25-11.15.13:262][  0]LogWindows:    0. 'Intel(R) HD Graphics 530' (P:1 D:1)
[2019.05.25-11.15.13:263][  0]LogWindows:    1. 'Intel(R) HD Graphics 530' (P:0 D:0)
[2019.05.25-11.15.13:263][  0]LogWindows:    2. 'Intel(R) HD Graphics 530' (P:0 D:0)
[2019.05.25-11.15.13:264][  0]LogWindows: DebugString: PrimaryIsNotTheChoosenAdapter PrimaryIsNotTheChoosenAdapter PrimaryIsNotTheChoosenAdapter FoundDriverCount:0 
[2019.05.25-11.15.13:264][  0]LogD3D11RHI:     Adapter Name: NVIDIA GeForce GTX 960M
[2019.05.25-11.15.13:264][  0]LogD3D11RHI:   Driver Version: Unknown (internal:Unknown, unified:Unknown)
[2019.05.25-11.15.13:264][  0]LogD3D11RHI:      Driver Date: Unknown
[2019.05.25-11.15.13:264][  0]LogRHI: Texture pool is 2839 MB (70% of 4055 MB)
[2019.05.25-11.15.13:312][  0]LogD3D11RHI: Async texture creation enabled
[2019.05.25-11.15.13:330][  0]LogD3D11RHI: GPU Timing Frequency: 1000.000000 (Debug: 2 2)
[2019.05.25-11.15.13:331][  0]LogShaderCompilers: Guid format shader working directory is 27 characters bigger than the processId version (J:/GraNaZaliczenie5/Intermediate/Shaders/WorkingDirectory/4580/).
[2019.05.25-11.15.13:331][  0]LogShaderCompilers: Cleaned the shader compiler working directory 'C:/Users/FruGo/AppData/Local/Temp/UnrealShaderWorkingDir/0E38AD7B473430CA081E1580F6D40307/'.
[2019.05.25-11.15.13:728][  0]LogTemp: Display: Loaded TP AllDesktopTargetPlatform
[2019.05.25-11.15.13:745][  0]LogTemp: Display: Loaded TP MacClientTargetPlatform
[2019.05.25-11.15.13:762][  0]LogTemp: Display: Loaded TP MacNoEditorTargetPlatform
[2019.05.25-11.15.13:779][  0]LogTemp: Display: Loaded TP MacServerTargetPlatform
[2019.05.25-11.15.13:796][  0]LogTemp: Display: Loaded TP MacTargetPlatform
[2019.05.25-11.15.13:814][  0]LogTemp: Display: Loaded TP WindowsClientTargetPlatform
[2019.05.25-11.15.13:831][  0]LogTemp: Display: Loaded TP WindowsNoEditorTargetPlatform
[2019.05.25-11.15.13:848][  0]LogTemp: Display: Loaded TP WindowsServerTargetPlatform
[2019.05.25-11.15.13:856][  0]LogTemp: Display: Loaded TP WindowsTargetPlatform
[2019.05.25-11.15.13:956][  0]LogTemp: Display: Loaded TP AndroidTargetPlatform
[2019.05.25-11.15.13:956][  0]LogTemp: Display: Loaded TP AndroidTargetPlatform
[2019.05.25-11.15.13:956][  0]LogTemp: Display: Loaded TP AndroidTargetPlatform
[2019.05.25-11.15.13:958][  0]LogTemp: Display: Loaded TP AndroidTargetPlatform
[2019.05.25-11.15.13:958][  0]LogTemp: Display: Loaded TP AndroidTargetPlatform
[2019.05.25-11.15.13:958][  0]LogTemp: Display: Loaded TP AndroidTargetPlatform
[2019.05.25-11.15.13:958][  0]LogTemp: Display: Loaded TP AndroidTargetPlatform
[2019.05.25-11.15.13:958][  0]LogTemp: Display: Loaded TP AndroidTargetPlatform
[2019.05.25-11.15.13:958][  0]LogTemp: Display: Loaded TP AndroidTargetPlatform
[2019.05.25-11.15.13:958][  0]LogTemp: Display: Loaded TP AndroidTargetPlatform
[2019.05.25-11.15.13:958][  0]LogTemp: Display: Loaded TP AndroidTargetPlatform
[2019.05.25-11.15.13:958][  0]LogTemp: Display: Loaded TP AndroidTargetPlatform
[2019.05.25-11.15.13:958][  0]LogTemp: Display: Loaded TP AndroidTargetPlatform
[2019.05.25-11.15.13:958][  0]LogTemp: Display: Loaded TP AndroidTargetPlatform
[2019.05.25-11.15.13:958][  0]LogTemp: Display: Loaded TP AndroidTargetPlatform
[2019.05.25-11.15.13:958][  0]LogTemp: Display: Loaded TP AndroidTargetPlatform
[2019.05.25-11.15.13:958][  0]LogTemp: Display: Loaded TP AndroidTargetPlatform
[2019.05.25-11.15.13:958][  0]LogTemp: Display: Loaded TP AndroidTargetPlatform
[2019.05.25-11.15.13:959][  0]LogTemp: Display: Loaded TP HTML5TargetPlatform
[2019.05.25-11.15.14:042][  0]LogTemp: Display: Loaded TP IOSTargetPlatform
[2019.05.25-11.15.14:042][  0]LogTemp: Display: Loaded TP IOSTargetPlatform
[2019.05.25-11.15.14:072][  0]LogTemp: Display: Loaded TP TVOSTargetPlatform
[2019.05.25-11.15.14:072][  0]LogTemp: Display: Loaded TP TVOSTargetPlatform
[2019.05.25-11.15.14:088][  0]LogTemp: Display: Loaded TP LinuxClientTargetPlatform
[2019.05.25-11.15.14:102][  0]LogTemp: Display: Loaded TP LinuxNoEditorTargetPlatform
[2019.05.25-11.15.14:117][  0]LogTemp: Display: Loaded TP LinuxServerTargetPlatform
[2019.05.25-11.15.14:135][  0]LogTemp: Display: Loaded TP LinuxTargetPlatform
[2019.05.25-11.15.14:147][  0]LogTemp: Display: Loaded TP LuminTargetPlatform
[2019.05.25-11.15.14:147][  0]LogTargetPlatformManager: Display: Building Assets For Windows
[2019.05.25-11.15.14:215][  0]LogXGEController: Cleaning working directory: C:/Users/FruGo/AppData/Local/Temp/UnrealXGEWorkingDir/
[2019.05.25-11.15.14:215][  0]LogXGEController: Cannot use XGE Controller as Incredibuild is not installed on this machine.
[2019.05.25-11.15.14:215][  0]LogShaderCompilers: Cannot use XGE Shader Compiler as Incredibuild is not installed on this machine.
[2019.05.25-11.15.14:215][  0]LogShaderCompilers: Display: Using Local Shader Compiler.
[2019.05.25-11.15.15:086][  0]LogDerivedDataCache: Display: Max Cache Size: 512 MB
[2019.05.25-11.15.15:159][  0]LogDerivedDataCache: Loaded boot cache 0.07s 71MB C:/Users/FruGo/AppData/Local/UnrealEngine/4.20/DerivedDataCache/Boot.ddc.
[2019.05.25-11.15.15:159][  0]LogDerivedDataCache: Display: Loaded Boot cache: C:/Users/FruGo/AppData/Local/UnrealEngine/4.20/DerivedDataCache/Boot.ddc
[2019.05.25-11.15.15:159][  0]LogDerivedDataCache: FDerivedDataBackendGraph:  Pak pak cache file J:/GraNaZaliczenie5/DerivedDataCache/DDC.ddp not found, will not use a pak cache.
[2019.05.25-11.15.15:159][  0]LogDerivedDataCache: Unable to find inner node Pak for hierarchical cache Hierarchy.
[2019.05.25-11.15.15:159][  0]LogDerivedDataCache: FDerivedDataBackendGraph:  CompressedPak pak cache file J:/GraNaZaliczenie5/DerivedDataCache/Compressed.ddp not found, will not use a pak cache.
[2019.05.25-11.15.15:159][  0]LogDerivedDataCache: Unable to find inner node CompressedPak for hierarchical cache Hierarchy.
[2019.05.25-11.15.15:178][  0]LogDerivedDataCache: Display: Pak cache opened for reading ../../../Engine/DerivedDataCache/Compressed.ddp.
[2019.05.25-11.15.15:191][  0]LogDerivedDataCache: Using Local data cache path C:/Users/FruGo/AppData/Local/UnrealEngine/Common/DerivedDataCache: Writable
[2019.05.25-11.15.15:191][  0]LogDerivedDataCache: Shared data cache path not found in *engine.ini, will not use an Shared cache.
[2019.05.25-11.15.15:191][  0]LogDerivedDataCache: Unable to find inner node Shared for hierarchical cache Hierarchy.
[2019.05.25-11.15.15:212][  0]LogMaterial: Verifying Global Shaders for PCD3D_SM5
[2019.05.25-11.15.15:214][  0]LogSlate: Using FreeType 2.6.0
[2019.05.25-11.15.15:215][  0]LogSlate: SlateFontServices - WITH_FREETYPE: 1, WITH_HARFBUZZ: 1
[2019.05.25-11.15.15:313][  0]LogAssetRegistry: FAssetRegistry took 0.0275 seconds to start up
[2019.05.25-11.15.15:680][  0]LogInit: Selected Device Profile: [Windows]
[2019.05.25-11.15.15:843][  0]LogSimplygon: Simplygon DLL not present - disabling.
[2019.05.25-11.15.15:847][  0]LogMeshReduction: Using SimplygonSwarm for distributed automatic mesh merging
[2019.05.25-11.15.15:847][  0]LogMeshReduction: Using ProxyLODMeshReduction for automatic mesh merging
[2019.05.25-11.15.15:847][  0]LogMeshReduction: Using QuadricMeshReduction for automatic static mesh reduction
[2019.05.25-11.15.15:847][  0]LogMeshReduction: No automatic skeletal mesh reduction module available
[2019.05.25-11.15.15:872][  0]LogNetVersion: GraNaZaliczenie5 1.0.0, NetCL: 4212847, EngineNetVer: 5, GameNetVer: 0 (Checksum: 3776823093)
[2019.05.25-11.15.28:896][  0]LogPackageLocalizationCache: Processed 11 localized package path(s) for 2 prioritized culture(s) in 12.266354 seconds
[2019.05.25-11.15.28:911][  0]LogUObjectArray: 38425 objects as part of root set at end of initial load.
[2019.05.25-11.15.28:912][  0]LogUObjectAllocator: 6690864 out of 0 bytes used by permanent object pool.
[2019.05.25-11.15.28:912][  0]LogUObjectArray: CloseDisregardForGC: 0/0 objects in disregard for GC pool
[2019.05.25-11.15.30:417][  0]LogTcpMessaging: Initializing TcpMessaging bridge
[2019.05.25-11.15.30:434][  0]LogUdpMessaging: Initializing bridge on interface 0.0.0.0:0 to multicast group 230.0.0.1:6666.
[2019.05.25-11.15.30:613][  0]SourceControl: Source control is disabled
[2019.05.25-11.15.30:613][  0]SourceControl: Source control is disabled
[2019.05.25-11.15.30:615][  0]SourceControl: Source control is disabled
[2019.05.25-11.15.30:616][  0]SourceControl: Source control is disabled
[2019.05.25-11.15.31:977][  0]LogAndroidPermission: UAndroidPermissionCallbackProxy::GetInstance
[2019.05.25-11.15.32:048][  0]LogOcInput: OculusInput pre-init called
[2019.05.25-11.15.32:118][  0]LogEngine: Initializing Engine...
[2019.05.25-11.15.32:119][  0]LogHMD: Failed to initialize OpenVR with code 110
[2019.05.25-11.15.32:121][  0]LogStats: UGameplayTagsManager::ConstructGameplayTagTree: ImportINI prefixes -  0.000 s
[2019.05.25-11.15.32:121][  0]LogStats: UGameplayTagsManager::ConstructGameplayTagTree: Construct from data asset -  0.000 s
[2019.05.25-11.15.32:121][  0]LogStats: UGameplayTagsManager::ConstructGameplayTagTree: ImportINI -  0.000 s
[2019.05.25-11.15.32:121][  0]LogStats: UGameplayTagsManager::ConstructGameplayTagTree: GameplayTagTreeChangedEvent.Broadcast -  0.000 s
[2019.05.25-11.15.32:378][  0]LogInit: Initializing FReadOnlyCVARCache
[2019.05.25-11.15.32:394][  0]LogAIModule: Creating AISystem for world Untitled
[2019.05.25-11.15.32:424][  0]LogInit: XAudio2 using 'Głośniki (Conexant SmartAudio HD)' : 2 channels at 48 kHz using 32 bits per sample (channel mask 0x3)
[2019.05.25-11.15.32:542][  0]LogInit: FAudioDevice initialized.
[2019.05.25-11.15.32:542][  0]LogNetVersion: Set ProjectVersion to 1.0.0.0. Version Checksum will be recalculated on next use.
[2019.05.25-11.15.32:640][  0]LogDerivedDataCache: Saved boot cache 0.10s 71MB C:/Users/FruGo/AppData/Local/UnrealEngine/4.20/DerivedDataCache/Boot.ddc.
[2019.05.25-11.15.32:640][  0]LogInit: Texture streaming: Enabled
[2019.05.25-11.15.32:662][  0]LogEngineSessionManager: EngineSessionManager initialized
[2019.05.25-11.15.32:677][  0]LogInit: Transaction tracking system initialized
[2019.05.25-11.15.32:703][  0]BlueprintLog: New page: Editor Load
[2019.05.25-11.15.33:019][  0]LocalizationService: Localization service is disabled
[2019.05.25-11.15.33:357][  0]LogCook: Display: Max memory allowance for cook 16384mb min free memory 0mb
[2019.05.25-11.15.33:357][  0]LogCook: Display: Mobile HDR setting 1
[2019.05.25-11.15.33:357][  0]LogGameplayTags: Display: UGameplayTagsManager::DoneAddingNativeTags. DelegateIsBound: 0
[2019.05.25-11.15.33:357][  0]LogStats: UGameplayTagsManager::ConstructGameplayTagTree: ImportINI prefixes -  0.000 s
[2019.05.25-11.15.33:357][  0]LogStats: UGameplayTagsManager::ConstructGameplayTagTree: Construct from data asset -  0.000 s
[2019.05.25-11.15.33:357][  0]LogStats: UGameplayTagsManager::ConstructGameplayTagTree: ImportINI -  0.000 s
[2019.05.25-11.15.33:357][  0]LogStats: UGameplayTagsManager::ConstructGameplayTagTree: GameplayTagTreeChangedEvent.Broadcast -  0.000 s
[2019.05.25-11.15.33:496][  0]LogFileCache: Scanning file cache for directory 'J:/GraNaZaliczenie5/Content/' took 0.04s
[2019.05.25-11.15.33:496][  0]SourceControl: Source control is disabled
[2019.05.25-11.15.33:497][  0]Cmd: MAP LOAD FILE="J:/GraNaZaliczenie5/Content/FirstPersonBP/Maps/FirstLevel.umap" TEMPLATE=0 SHOWPROGRESS=1 FEATURELEVEL=3
[2019.05.25-11.15.33:497][  0]LightingResults: New page: Lighting Build
[2019.05.25-11.15.33:500][  0]MapCheck: New page: Map Check
[2019.05.25-11.15.33:501][  0]LightingResults: New page: Lighting Build
[2019.05.25-11.15.35:002][  0]LogAIModule: Creating AISystem for world FirstLevel
[2019.05.25-11.15.35:038][  0]LogEditorServer: Finished looking for orphan Actors (0.000 secs)
[2019.05.25-11.15.35:071][  0]Cmd: MAP CHECKDEP NOCLEARLOG
[2019.05.25-11.15.35:171][  0]MapCheck: Map check complete: 0 Error(s), 0 Warning(s), took 99,486ms to complete.
[2019.05.25-11.15.35:171][  0]LogFileHelpers: Loading map 'FirstLevel' took 1.675
[2019.05.25-11.15.35:305][  0]LogSlate: Updating window title bar state: overlay mode, drag disabled, window buttons hidden, title bar hidden
[2019.05.25-11.15.35:317][  0]LogSlate: Updating window title bar state: overlay mode, drag disabled, window buttons hidden, title bar hidden
[2019.05.25-11.15.35:329][  0]LogSlate: Updating window title bar state: overlay mode, drag disabled, window buttons hidden, title bar hidden
[2019.05.25-11.15.35:341][  0]LogSlate: Updating window title bar state: overlay mode, drag disabled, window buttons hidden, title bar hidden
[2019.05.25-11.15.35:349][  0]LogCollectionManager: Loaded 0 collections in 0.002744 seconds
[2019.05.25-11.15.35:401][  0]LogFileCache: Scanning file cache for directory 'J:/GraNaZaliczenie5/Saved/Collections/' took 0.01s
[2019.05.25-11.15.35:401][  0]LogFileCache: Scanning file cache for directory 'J:/GraNaZaliczenie5/Content/Developers/FruGo/Collections/' took 0.01s
[2019.05.25-11.15.35:401][  0]LogFileCache: Scanning file cache for directory 'J:/GraNaZaliczenie5/Content/Collections/' took 0.01s
[2019.05.25-11.15.35:401][  0]LogCollectionManager: Rebuilt the GUID cache for 0 collections in 0.000000 seconds
[2019.05.25-11.15.35:415][  0]LogContentBrowser: Native class hierarchy populated in 0.0134 seconds. Added 2572 classes and 603 folders.
[2019.05.25-11.15.35:425][  0]LogContentBrowser: Native class hierarchy updated for 'WidgetCarousel' in 0.0002 seconds. Added 0 classes and 0 folders.
[2019.05.25-11.15.35:506][  0]LogContentBrowser: Native class hierarchy updated for 'AddContentDialog' in 0.0002 seconds. Added 0 classes and 0 folders.
[2019.05.25-11.15.35:513][  0]LogContentBrowser: Native class hierarchy updated for 'SceneOutliner' in 0.0003 seconds. Added 1 classes and 2 folders.
[2019.05.25-11.15.35:533][  0]LogSlate: Took 0.000437 seconds to synchronously load lazily loaded font '../../../Engine/Content/Slate/Fonts/Roboto-Regular.ttf' (155K)
[2019.05.25-11.15.35:535][  0]LogSlate: Took 0.000623 seconds to synchronously load lazily loaded font '../../../Engine/Content/Slate/Fonts/Roboto-Bold.ttf' (160K)
[2019.05.25-11.15.35:541][  0]LogSlate: Took 0.000384 seconds to synchronously load lazily loaded font '../../../Engine/Content/Editor/Slate/Fonts/FontAwesome.ttf' (139K)
[2019.05.25-11.15.35:542][  0]LogSlate: Took 0.000237 seconds to synchronously load lazily loaded font '../../../Engine/Content/Slate/Fonts/DroidSansMono.ttf' (77K)
[2019.05.25-11.15.35:693][  0]LogRenderer: Reallocating scene render targets to support 1208x576 Format 10 NumSamples 1 (Frame:1).
[2019.05.25-11.15.35:927][  0]LogContentBrowser: Native class hierarchy updated for 'HierarchicalLODOutliner' in 0.0005 seconds. Added 0 classes and 0 folders.
[2019.05.25-11.15.35:927][  0]LogLoad: (Engine Initialization) Total time: 40.62 seconds
[2019.05.25-11.15.35:928][  0]LogLoad: (Engine Initialization) Total Blueprint compile time: 0.00 seconds
[2019.05.25-11.15.35:951][  0]LogWindowsTextInputMethodSystem: Display: IME system now deactivated.
[2019.05.25-11.15.35:974][  0]LogContentStreaming: Texture pool size now 1000 MB
[2019.05.25-11.15.36:039][  2]LogAssetRegistry: Asset discovery search completed in 20.7486 seconds
[2019.05.25-11.15.36:041][  2]LogCollectionManager: Rebuilt the object cache for 0 collections in 0.000000 seconds (found 0 objects)
[2019.05.25-11.15.36:041][  2]LogCollectionManager: Fixed up redirectors for 0 collections in 0.000257 seconds (updated 0 objects)
[2019.05.25-11.15.38:141][107]LogSlate: FSceneViewport::OnFocusLost() reason 0
[2019.05.25-11.15.38:223][112]LogTemp: Repeating last play command: Selected Viewport
[2019.05.25-11.15.38:320][112]LogBlueprintUserMessages: Early PlayInEditor Detection: Level '/Game/FirstPersonBP/Maps/FirstLevel.FirstLevel:PersistentLevel' has LevelScriptBlueprint '/Game/FirstPersonBP/Maps/FirstLevel.FirstLevel:PersistentLevel.FirstLevel' with GeneratedClass '/Game/FirstPersonBP/Maps/FirstLevel.FirstLevel_C' with ClassGeneratedBy '/Game/FirstPersonBP/Maps/FirstLevel.FirstLevel:PersistentLevel.FirstLevel'
[2019.05.25-11.15.38:321][112]LogPlayLevel: PlayLevel: No blueprints needed recompiling
[2019.05.25-11.15.38:334][112]PIE: New page: PIE session: FirstLevel (25 maj 2019, 15:15:38)
[2019.05.25-11.15.38:335][112]LogPlayLevel: Creating play world package: /Game/FirstPersonBP/Maps/UEDPIE_0_FirstLevel
[2019.05.25-11.15.38:391][112]LogPlayLevel: PIE: StaticDuplicateObject took: (0.055728s)
[2019.05.25-11.15.38:392][112]LogAIModule: Creating AISystem for world FirstLevel
[2019.05.25-11.15.38:392][112]LogPlayLevel: PIE: World Init took: (0.001228s)
[2019.05.25-11.15.38:393][112]LogPlayLevel: PIE: Created PIE world by copying editor world from /Game/FirstPersonBP/Maps/FirstLevel.FirstLevel to /Game/FirstPersonBP/Maps/UEDPIE_0_FirstLevel.FirstLevel (0.057837s)
[2019.05.25-11.15.38:453][112]LogInit: XAudio2 using 'Głośniki (Conexant SmartAudio HD)' : 2 channels at 48 kHz using 32 bits per sample (channel mask 0x3)
[2019.05.25-11.15.38:529][112]LogInit: FAudioDevice initialized.
[2019.05.25-11.15.38:612][112]LogLoad: Game class is 'MyGamemode_C'
[2019.05.25-11.15.38:621][112]LogWorld: Bringing World /Game/FirstPersonBP/Maps/UEDPIE_0_FirstLevel.FirstLevel up for play (max tick rate 60) at 2019.05.25-13.15.38
[2019.05.25-11.15.38:623][112]LogWorld: Bringing up level for play took: 0.008974
[2019.05.25-11.15.38:643][112]LogContentBrowser: Native class hierarchy updated for 'MovieSceneCapture' in 0.0003 seconds. Added 10 classes and 0 folders.
[2019.05.25-11.15.38:649][112]PIE: Play in editor start time for /Game/FirstPersonBP/Maps/UEDPIE_0_FirstLevel -0,213
[2019.05.25-11.15.38:649][112]LogBlueprintUserMessages: Late PlayInEditor Detection: Level '/Game/FirstPersonBP/Maps/FirstLevel.FirstLevel:PersistentLevel' has LevelScriptBlueprint '/Game/FirstPersonBP/Maps/FirstLevel.FirstLevel:PersistentLevel.FirstLevel' with GeneratedClass '/Game/FirstPersonBP/Maps/FirstLevel.FirstLevel_C' with ClassGeneratedBy '/Game/FirstPersonBP/Maps/FirstLevel.FirstLevel:PersistentLevel.FirstLevel'
[2019.05.25-11.18.31:237][278]LogActor: Warning: Platform17 is outside the world bounds!
[2019.05.25-11.18.31:557][296]LogActor: Warning: Platform5 is outside the world bounds!
[2019.05.25-11.18.35:187][481]LogActor: Warning: Platform12 is outside the world bounds!
[2019.05.25-11.18.44:780][992]LogActor: Warning: Platform_2 is outside the world bounds!
[2019.05.25-11.18.45:884][ 53]LogActor: Warning: Platform10 is outside the world bounds!
[2019.05.25-11.18.46:818][108]LogActor: Warning: Platform34 is outside the world bounds!
[2019.05.25-11.18.47:452][146]LogActor: Warning: Platform29 is outside the world bounds!
[2019.05.25-11.18.52:769][465]LogActor: Warning: Platform33 is outside the world bounds!
[2019.05.25-11.18.53:886][532]LogActor: Warning: Platform24 is outside the world bounds!
[2019.05.25-11.18.58:256][779]LogActor: Warning: Platform36 is outside the world bounds!
[2019.05.25-11.18.58:479][792]LogSlate: Updating window title bar state: overlay mode, drag disabled, window buttons hidden, title bar hidden
[2019.05.25-11.18.58:480][792]LogBlueprintUserMessages: Early EndPlayMap Detection: Level '/Game/FirstPersonBP/Maps/FirstLevel.FirstLevel:PersistentLevel' has LevelScriptBlueprint '/Game/FirstPersonBP/Maps/FirstLevel.FirstLevel:PersistentLevel.FirstLevel' with GeneratedClass '/Game/FirstPersonBP/Maps/FirstLevel.FirstLevel_C' with ClassGeneratedBy '/Game/FirstPersonBP/Maps/FirstLevel.FirstLevel:PersistentLevel.FirstLevel'
[2019.05.25-11.18.58:525][792]LogPlayLevel: Display: Shutting down PIE online subsystems
[2019.05.25-11.18.58:526][792]LogBlueprintUserMessages: Late EndPlayMap Detection: Level '/Game/FirstPersonBP/Maps/FirstLevel.FirstLevel:PersistentLevel' has LevelScriptBlueprint '/Game/FirstPersonBP/Maps/FirstLevel.FirstLevel:PersistentLevel.FirstLevel' with GeneratedClass '/Game/FirstPersonBP/Maps/FirstLevel.FirstLevel_C' with ClassGeneratedBy '/Game/FirstPersonBP/Maps/FirstLevel.FirstLevel:PersistentLevel.FirstLevel'
[2019.05.25-11.18.58:566][792]LogSlate: Updating window title bar state: overlay mode, drag disabled, window buttons hidden, title bar hidden
[2019.05.25-11.18.58:596][793]LogPlayLevel: Display: Destroying online subsystem :Context_1
[2019.05.25-11.19.27:877][383]LogSlate: FSceneViewport::OnFocusLost() reason 0
[2019.05.25-11.19.33:584][698]LogSlate: FSceneViewport::OnFocusLost() reason 0
[2019.05.25-11.19.38:726][968]LogSlate: FSceneViewport::OnFocusLost() reason 0
[2019.05.25-11.19.38:824][971]LogSlate: Took 0.000307 seconds to synchronously load lazily loaded font '../../../Engine/Content/Slate/Fonts/Roboto-Light.ttf' (167K)
[2019.05.25-11.19.38:852][971]Cmd: OBJ SAVEPACKAGE PACKAGE="/Game/FirstPersonBP/Maps/FirstLevel" FILE="J:/GraNaZaliczenie5/Content/FirstPersonBP/Maps/FirstLevel.umap" SILENT=true AUTOSAVING=false KEEPDIRTY=false
[2019.05.25-11.19.41:426][971]LogSavePackage: Moving 'J:/GraNaZaliczenie5/Saved/FirstLevelF034AC2E459C1719C324F8BAF3EA742C.tmp' to 'J:/GraNaZaliczenie5/Content/FirstPersonBP/Maps/FirstLevel.umap'
[2019.05.25-11.19.41:550][971]Cmd: OBJ SAVEPACKAGE PACKAGE="/Game/FirstPersonBP/Maps/FirstLevel_BuiltData" FILE="J:/GraNaZaliczenie5/Content/FirstPersonBP/Maps/FirstLevel_BuiltData.uasset" SILENT=true
[2019.05.25-11.19.45:515][971]LogSavePackage: Moving 'J:/GraNaZaliczenie5/Saved/FirstLevel_BuiltData987778CF4ABAC213C97EB3AF743F06BC.tmp' to 'J:/GraNaZaliczenie5/Content/FirstPersonBP/Maps/FirstLevel_BuiltData.uasset'
[2019.05.25-11.19.46:061][993]LogTemp: Repeating last play command: Selected Viewport
[2019.05.25-11.19.46:520][993]LogBlueprintUserMessages: Early PlayInEditor Detection: Level '/Game/FirstPersonBP/Maps/FirstLevel.FirstLevel:PersistentLevel' has LevelScriptBlueprint '/Game/FirstPersonBP/Maps/FirstLevel.FirstLevel:PersistentLevel.FirstLevel' with GeneratedClass '/Game/FirstPersonBP/Maps/FirstLevel.FirstLevel_C' with ClassGeneratedBy '/Game/FirstPersonBP/Maps/FirstLevel.FirstLevel:PersistentLevel.FirstLevel'
[2019.05.25-11.19.46:520][993]LogPlayLevel: PlayLevel: No blueprints needed recompiling
[2019.05.25-11.19.46:521][993]PIE: New page: PIE session: FirstLevel (25 maj 2019, 15:19:46)
[2019.05.25-11.19.46:521][993]LogPlayLevel: Creating play world package: /Game/FirstPersonBP/Maps/UEDPIE_0_FirstLevel
[2019.05.25-11.19.46:572][993]LogPlayLevel: PIE: StaticDuplicateObject took: (0.052009s)
[2019.05.25-11.19.46:573][993]LogAIModule: Creating AISystem for world FirstLevel
[2019.05.25-11.19.46:574][993]LogPlayLevel: PIE: World Init took: (0.001515s)
[2019.05.25-11.19.46:574][993]LogPlayLevel: PIE: Created PIE world by copying editor world from /Game/FirstPersonBP/Maps/FirstLevel.FirstLevel to /Game/FirstPersonBP/Maps/UEDPIE_0_FirstLevel.FirstLevel (0.054351s)
[2019.05.25-11.19.46:613][993]LogInit: XAudio2 using 'Głośniki (Conexant SmartAudio HD)' : 2 channels at 48 kHz using 32 bits per sample (channel mask 0x3)
[2019.05.25-11.19.46:659][993]LogInit: FAudioDevice initialized.
[2019.05.25-11.19.46:696][993]LogLoad: Game class is 'MyGamemode_C'
[2019.05.25-11.19.46:705][993]LogWorld: Bringing World /Game/FirstPersonBP/Maps/UEDPIE_0_FirstLevel.FirstLevel up for play (max tick rate 60) at 2019.05.25-13.19.46
[2019.05.25-11.19.46:706][993]LogWorld: Bringing up level for play took: 0.008768
[2019.05.25-11.19.46:722][993]PIE: Play in editor start time for /Game/FirstPersonBP/Maps/UEDPIE_0_FirstLevel -0,139
[2019.05.25-11.19.46:722][993]LogBlueprintUserMessages: Late PlayInEditor Detection: Level '/Game/FirstPersonBP/Maps/FirstLevel.FirstLevel:PersistentLevel' has LevelScriptBlueprint '/Game/FirstPersonBP/Maps/FirstLevel.FirstLevel:PersistentLevel.FirstLevel' with GeneratedClass '/Game/FirstPersonBP/Maps/FirstLevel.FirstLevel_C' with ClassGeneratedBy '/Game/FirstPersonBP/Maps/FirstLevel.FirstLevel:PersistentLevel.FirstLevel'
[2019.05.25-11.20.38:375][841]LogBlueprintUserMessages: Early EndPlayMap Detection: Level '/Game/FirstPersonBP/Maps/FirstLevel.FirstLevel:PersistentLevel' has LevelScriptBlueprint '/Game/FirstPersonBP/Maps/FirstLevel.FirstLevel:PersistentLevel.FirstLevel' with GeneratedClass '/Game/FirstPersonBP/Maps/FirstLevel.FirstLevel_C' with ClassGeneratedBy '/Game/FirstPersonBP/Maps/FirstLevel.FirstLevel:PersistentLevel.FirstLevel'
[2019.05.25-11.20.38:376][841]LogSlate: Updating window title bar state: overlay mode, drag disabled, window buttons hidden, title bar hidden
[2019.05.25-11.20.38:423][841]LogPlayLevel: Display: Shutting down PIE online subsystems
[2019.05.25-11.20.38:424][841]LogBlueprintUserMessages: Late EndPlayMap Detection: Level '/Game/FirstPersonBP/Maps/FirstLevel.FirstLevel:PersistentLevel' has LevelScriptBlueprint '/Game/FirstPersonBP/Maps/FirstLevel.FirstLevel:PersistentLevel.FirstLevel' with GeneratedClass '/Game/FirstPersonBP/Maps/FirstLevel.FirstLevel_C' with ClassGeneratedBy '/Game/FirstPersonBP/Maps/FirstLevel.FirstLevel:PersistentLevel.FirstLevel'
[2019.05.25-11.20.38:461][841]LogSlate: Updating window title bar state: overlay mode, drag disabled, window buttons hidden, title bar hidden
[2019.05.25-11.20.38:491][842]LogPlayLevel: Display: Destroying online subsystem :Context_3
[2019.05.25-11.20.41:546][ 24]LogSlate: FSceneViewport::OnFocusLost() reason 0
[2019.05.25-11.20.41:562][ 24]LogSlate: Took 0.000278 seconds to synchronously load lazily loaded font '../../../Engine/Content/Slate/Fonts/Roboto-Light.ttf' (167K)
[2019.05.25-11.20.59:697][ 46]LogSlate: FSceneViewport::OnFocusLost() reason 0
[2019.05.25-11.20.59:797][ 52]LogTemp: Repeating last play command: Selected Viewport
[2019.05.25-11.21.00:002][ 52]LogBlueprintUserMessages: Early PlayInEditor Detection: Level '/Game/FirstPersonBP/Maps/FirstLevel.FirstLevel:PersistentLevel' has LevelScriptBlueprint '/Game/FirstPersonBP/Maps/FirstLevel.FirstLevel:PersistentLevel.FirstLevel' with GeneratedClass '/Game/FirstPersonBP/Maps/FirstLevel.FirstLevel_C' with ClassGeneratedBy '/Game/FirstPersonBP/Maps/FirstLevel.FirstLevel:PersistentLevel.FirstLevel'
[2019.05.25-11.21.00:003][ 52]LogPlayLevel: PlayLevel: No blueprints needed recompiling
[2019.05.25-11.21.00:004][ 52]PIE: New page: PIE session: FirstLevel (25 maj 2019, 15:21:00)
[2019.05.25-11.21.00:004][ 52]LogPlayLevel: Creating play world package: /Game/FirstPersonBP/Maps/UEDPIE_0_FirstLevel
[2019.05.25-11.21.00:057][ 52]LogPlayLevel: PIE: StaticDuplicateObject took: (0.052840s)
[2019.05.25-11.21.00:058][ 52]LogAIModule: Creating AISystem for world FirstLevel
[2019.05.25-11.21.00:058][ 52]LogPlayLevel: PIE: World Init took: (0.000914s)
[2019.05.25-11.21.00:058][ 52]LogPlayLevel: PIE: Created PIE world by copying editor world from /Game/FirstPersonBP/Maps/FirstLevel.FirstLevel to /Game/FirstPersonBP/Maps/UEDPIE_0_FirstLevel.FirstLevel (0.054394s)
[2019.05.25-11.21.00:093][ 52]LogInit: XAudio2 using 'Głośniki (Conexant SmartAudio HD)' : 2 channels at 48 kHz using 32 bits per sample (channel mask 0x3)
[2019.05.25-11.21.00:136][ 52]LogInit: FAudioDevice initialized.
[2019.05.25-11.21.00:170][ 52]LogLoad: Game class is 'MyGamemode_C'
[2019.05.25-11.21.00:179][ 52]LogWorld: Bringing World /Game/FirstPersonBP/Maps/UEDPIE_0_FirstLevel.FirstLevel up for play (max tick rate 60) at 2019.05.25-13.21.00
[2019.05.25-11.21.00:181][ 52]LogWorld: Bringing up level for play took: 0.008179
[2019.05.25-11.21.00:196][ 52]PIE: Play in editor start time for /Game/FirstPersonBP/Maps/UEDPIE_0_FirstLevel -0,665
[2019.05.25-11.21.00:197][ 52]LogBlueprintUserMessages: Late PlayInEditor Detection: Level '/Game/FirstPersonBP/Maps/FirstLevel.FirstLevel:PersistentLevel' has LevelScriptBlueprint '/Game/FirstPersonBP/Maps/FirstLevel.FirstLevel:PersistentLevel.FirstLevel' with GeneratedClass '/Game/FirstPersonBP/Maps/FirstLevel.FirstLevel_C' with ClassGeneratedBy '/Game/FirstPersonBP/Maps/FirstLevel.FirstLevel:PersistentLevel.FirstLevel'
[2019.05.25-11.21.00:219][ 53]LogCharacterMovement: Warning: GetSimulationTimeStep() - Max iterations 8 hit while remaining time 0.059431 > MaxSimulationTimeStep (0.050) for 'FirstPersonCharacter_C_0', movement 'Walking'
[2019.05.25-11.21.06:263][390]LogBlueprintUserMessages: Early EndPlayMap Detection: Level '/Game/FirstPersonBP/Maps/FirstLevel.FirstLevel:PersistentLevel' has LevelScriptBlueprint '/Game/FirstPersonBP/Maps/FirstLevel.FirstLevel:PersistentLevel.FirstLevel' with GeneratedClass '/Game/FirstPersonBP/Maps/FirstLevel.FirstLevel_C' with ClassGeneratedBy '/Game/FirstPersonBP/Maps/FirstLevel.FirstLevel:PersistentLevel.FirstLevel'
[2019.05.25-11.21.06:264][390]LogSlate: Updating window title bar state: overlay mode, drag disabled, window buttons hidden, title bar hidden
[2019.05.25-11.21.06:304][390]LogPlayLevel: Display: Shutting down PIE online subsystems
[2019.05.25-11.21.06:305][390]LogBlueprintUserMessages: Late EndPlayMap Detection: Level '/Game/FirstPersonBP/Maps/FirstLevel.FirstLevel:PersistentLevel' has LevelScriptBlueprint '/Game/FirstPersonBP/Maps/FirstLevel.FirstLevel:PersistentLevel.FirstLevel' with GeneratedClass '/Game/FirstPersonBP/Maps/FirstLevel.FirstLevel_C' with ClassGeneratedBy '/Game/FirstPersonBP/Maps/FirstLevel.FirstLevel:PersistentLevel.FirstLevel'
[2019.05.25-11.21.06:336][390]LogSlate: Updating window title bar state: overlay mode, drag disabled, window buttons hidden, title bar hidden
[2019.05.25-11.21.06:369][391]LogPlayLevel: Display: Destroying online subsystem :Context_15
[2019.05.25-11.21.14:505][757]LogSlate: FSceneViewport::OnFocusLost() reason 0
[2019.05.25-11.21.14:693][761]LogAssetEditorManager: Opening Asset editor for Blueprint /Game/FirstPersonBP/Blueprints/MyGamemode.MyGamemode
[2019.05.25-11.21.15:444][761]LogContentBrowser: Native class hierarchy updated for 'BlueprintGraph' in 0.0007 seconds. Added 116 classes and 0 folders.
[2019.05.25-11.21.18:118][819]LogSlate: Window 'MyGamemode' being destroyed
[2019.05.25-11.21.18:279][819]LogAssetEditorManager: Opening Asset editor for Blueprint /Game/FirstPersonBP/Blueprints/MyGamemode.MyGamemode
[2019.05.25-11.21.19:300][819]LogSlate: Took 0.000343 seconds to synchronously load lazily loaded font '../../../Engine/Content/Slate/Fonts/Roboto-BoldCondensed.ttf' (158K)
[2019.05.25-11.21.20:477][864]LogSlate: Window 'MyGamemode' being destroyed
[2019.05.25-11.21.20:508][864]LogSlate: Window 'MyGamemode' being destroyed
[2019.05.25-11.21.22:599][926]LogAssetEditorManager: Opening Asset editor for WidgetBlueprint /Game/FirstPersonBP/Blueprints/MyHUD.MyHUD
[2019.05.25-11.21.26:840][ 28]LogSlate: Took 0.006381 seconds to synchronously load lazily loaded font '../../../Engine/Content/Slate/Fonts/DroidSansFallback.ttf' (3848K)
[2019.05.25-11.21.34:982][328]BlueprintLog: New page: Compile MyHUD
[2019.05.25-11.21.36:519][385]LogSlate: Window 'MyHUD*' being destroyed
[2019.05.25-11.21.36:541][385]LogSlate: Window 'MyHUD*' being destroyed
[2019.05.25-11.21.47:506][  3]LogSlate: FSceneViewport::OnFocusLost() reason 0
[2019.05.25-11.22.22:315][ 40]LogSlate: FSceneViewport::OnFocusLost() reason 0
[2019.05.25-11.22.22:452][ 44]Cmd: OBJ SAVEPACKAGE PACKAGE="/Game/FirstPersonBP/Maps/FirstLevel" FILE="J:/GraNaZaliczenie5/Content/FirstPersonBP/Maps/FirstLevel.umap" SILENT=true AUTOSAVING=false KEEPDIRTY=false
[2019.05.25-11.22.24:303][ 44]LogSavePackage: Moving 'J:/GraNaZaliczenie5/Saved/FirstLevel070F00B74DC4D89380EDD5BAF45D6DF6.tmp' to 'J:/GraNaZaliczenie5/Content/FirstPersonBP/Maps/FirstLevel.umap'
[2019.05.25-11.22.24:423][ 44]Cmd: OBJ SAVEPACKAGE PACKAGE="/Game/FirstPersonBP/Maps/FirstLevel_BuiltData" FILE="J:/GraNaZaliczenie5/Content/FirstPersonBP/Maps/FirstLevel_BuiltData.uasset" SILENT=true
[2019.05.25-11.22.27:908][ 44]LogSavePackage: Moving 'J:/GraNaZaliczenie5/Saved/FirstLevel_BuiltDataBEEE7E3B4B22276A0D068E9B64BF516E.tmp' to 'J:/GraNaZaliczenie5/Content/FirstPersonBP/Maps/FirstLevel_BuiltData.uasset'
[2019.05.25-11.22.41:764][856]Cmd: OBJ SAVEPACKAGE PACKAGE="/Game/FirstPersonBP/Blueprints/MyHUD" FILE="J:/GraNaZaliczenie5/Content/FirstPersonBP/Blueprints/MyHUD.uasset" SILENT=true
[2019.05.25-11.22.43:394][856]LogSavePackage: Moving 'J:/GraNaZaliczenie5/Saved/MyHUD215439954277E0D49C6132918EA9A5E3.tmp' to 'J:/GraNaZaliczenie5/Content/FirstPersonBP/Blueprints/MyHUD.uasset'
[2019.05.25-11.24.17:702][357]LogSlate: FSceneViewport::OnFocusLost() reason 0
[2019.05.25-11.24.18:065][362]LogSlate: Window 'GraNaZaliczenie5 - Unreal Editor' being destroyed
[2019.05.25-11.24.18:867][363]Cmd: QUIT_EDITOR
[2019.05.25-11.24.19:370][363]LogWindowsTextInputMethodSystem: Display: IME system now deactivated.
[2019.05.25-11.24.19:461][363]LogExit: Preparing to exit.
[2019.05.25-11.24.19:805][363]LogExit: Editor shut down
[2019.05.25-11.24.19:805][363]LogExit: Transaction tracking system shut down
[2019.05.25-11.24.22:864][363]LogExit: Object subsystem successfully closed.
[2019.05.25-11.24.22:888][363]LogShaderCompilers: Display: Shaders left to compile 0
[2019.05.25-11.24.22:891][363]LogD3D11RHI: Shutdown
[2019.05.25-11.24.22:891][363]LogD3D11RHI: CleanupD3DDevice
[2019.05.25-11.24.22:894][363]LogD3D11RHI: ~FD3D11DynamicRHI
[2019.05.25-11.24.22:906][363]LogModuleManager: Shutting down and abandoning module SequencerWidgets (618)
[2019.05.25-11.24.22:906][363]LogModuleManager: Shutting down and abandoning module BlueprintGraph (616)
[2019.05.25-11.24.22:906][363]LogModuleManager: Shutting down and abandoning module MovieSceneCapture (614)
[2019.05.25-11.24.22:906][363]LogModuleManager: Shutting down and abandoning module Voice (612)
[2019.05.25-11.24.22:906][363]LogModuleManager: Shutting down and abandoning module HierarchicalLODOutliner (610)
[2019.05.25-11.24.22:906][363]LogModuleManager: Shutting down and abandoning module SceneOutliner (608)
[2019.05.25-11.24.22:906][363]LogModuleManager: Shutting down and abandoning module AddContentDialog (606)
[2019.05.25-11.24.22:906][363]LogModuleManager: Shutting down and abandoning module WidgetCarousel (605)
[2019.05.25-11.24.22:906][363]LogModuleManager: Shutting down and abandoning module EditorWidgets (602)
[2019.05.25-11.24.22:906][363]LogModuleManager: Shutting down and abandoning module CollectionManager (600)
[2019.05.25-11.24.22:906][363]LogModuleManager: Shutting down and abandoning module StatsViewer (598)
[2019.05.25-11.24.22:906][363]LogModuleManager: Shutting down and abandoning module FoliageEdit (596)
[2019.05.25-11.24.22:906][363]LogModuleManager: Shutting down and abandoning module LandscapeEditor (594)
[2019.05.25-11.24.22:907][363]LogModuleManager: Shutting down and abandoning module MeshPaintMode (592)
[2019.05.25-11.24.22:907][363]LogModuleManager: Shutting down and abandoning module SceneDepthPickerMode (590)
[2019.05.25-11.24.22:907][363]LogModuleManager: Shutting down and abandoning module ActorPickerMode (588)
[2019.05.25-11.24.22:907][363]LogModuleManager: Shutting down and abandoning module GeometryMode (586)
[2019.05.25-11.24.22:907][363]LogModuleManager: Shutting down and abandoning module TextureAlignMode (584)
[2019.05.25-11.24.22:907][363]LogModuleManager: Shutting down and abandoning module BspMode (582)
[2019.05.25-11.24.22:907][363]LogModuleManager: Shutting down and abandoning module PIEPreviewDeviceProfileSelector (580)
[2019.05.25-11.24.22:907][363]LogModuleManager: Shutting down and abandoning module SequenceRecorderSections (578)
[2019.05.25-11.24.22:907][363]LogModuleManager: Shutting down and abandoning module AutomationWorker (576)
[2019.05.25-11.24.22:907][363]LogModuleManager: Shutting down and abandoning module AudioCaptureEditor (574)
[2019.05.25-11.24.22:907][363]LogModuleManager: Shutting down and abandoning module SequenceRecorder (573)
[2019.05.25-11.24.22:907][363]LogModuleManager: Shutting down and abandoning module MatineeToLevelSequence (570)
[2019.05.25-11.24.22:907][363]LogModuleManager: Shutting down and abandoning module LevelSequenceEditor (568)
[2019.05.25-11.24.22:907][363]LogModuleManager: Shutting down and abandoning module PlacementMode (567)
[2019.05.25-11.24.22:907][363]LogModuleManager: Shutting down and abandoning module MaterialEditor (566)
[2019.05.25-11.24.22:907][363]LogModuleManager: Shutting down and abandoning module WmfMediaFactory (562)
[2019.05.25-11.24.22:907][363]LogModuleManager: Shutting down and abandoning module WmfMediaEditor (560)
[2019.05.25-11.24.22:907][363]LogModuleManager: Shutting down and abandoning module MediaPlayerEditor (558)
[2019.05.25-11.24.22:907][363]LogModuleManager: Shutting down and abandoning module OpenExrWrapper (556)
[2019.05.25-11.24.22:907][363]LogModuleManager: Shutting down and abandoning module ImgMediaFactory (554)
[2019.05.25-11.24.22:907][363]LogModuleManager: Shutting down and abandoning module ImgMediaEditor (552)
[2019.05.25-11.24.22:907][363]LogModuleManager: Shutting down and abandoning module AvfMediaFactory (550)
[2019.05.25-11.24.22:907][363]LogModuleManager: Shutting down and abandoning module AvfMediaEditor (548)
[2019.05.25-11.24.22:907][363]LogModuleManager: Shutting down and abandoning module AndroidMediaFactory (546)
[2019.05.25-11.24.22:907][363]LogModuleManager: Shutting down and abandoning module AndroidMediaEditor (544)
[2019.05.25-11.24.22:907][363]LogModuleManager: Shutting down and abandoning module MagicLeapCameraPreviewFactory (542)
[2019.05.25-11.24.22:907][363]LogModuleManager: Shutting down and abandoning module MagicLeapMediaFactory (540)
[2019.05.25-11.24.22:907][363]LogModuleManager: Shutting down and abandoning module MagicLeapMediaEditor (538)
[2019.05.25-11.24.22:907][363]LogModuleManager: Shutting down and abandoning module CharacterAI (536)
[2019.05.25-11.24.22:907][363]LogModuleManager: Shutting down and abandoning module SmartSnapping (534)
[2019.05.25-11.24.22:907][363]LogModuleManager: Shutting down and abandoning module SessionServices (532)
[2019.05.25-11.24.22:907][363]LogModuleManager: Shutting down and abandoning module ViewportSnapping (530)
[2019.05.25-11.24.22:907][363]LogModuleManager: Shutting down and abandoning module ViewportInteraction (528)
[2019.05.25-11.24.22:907][363]LogModuleManager: Shutting down and abandoning module ClothPainter (526)
[2019.05.25-11.24.22:907][363]LogModuleManager: Shutting down and abandoning module SkeletalMeshEditor (525)
[2019.05.25-11.24.22:907][363]LogModuleManager: Shutting down and abandoning module LogVisualizer (522)
[2019.05.25-11.24.22:908][363]LogModuleManager: Shutting down and abandoning module IntroTutorials (520)
[2019.05.25-11.24.22:908][363]LogModuleManager: Shutting down and abandoning module GameProjectGeneration (519)
[2019.05.25-11.24.22:908][363]LogModuleManager: Shutting down and abandoning module LuminPlatformEditor (516)
[2019.05.25-11.24.22:908][363]LogModuleManager: Shutting down and abandoning module IOSPlatformEditor (514)
[2019.05.25-11.24.22:908][363]LogModuleManager: Shutting down and abandoning module HTML5PlatformEditor (512)
[2019.05.25-11.24.22:908][363]LogModuleManager: Shutting down and abandoning module AndroidPlatformEditor (510)
[2019.05.25-11.24.22:908][363]LogModuleManager: Shutting down and abandoning module AndroidDeviceDetection (509)
[2019.05.25-11.24.23:358][363]LogModuleManager: Shutting down and abandoning module WindowsPlatformEditor (506)
[2019.05.25-11.24.23:358][363]LogModuleManager: Shutting down and abandoning module LuminRuntimeSettings (504)
[2019.05.25-11.24.23:358][363]LogModuleManager: Shutting down and abandoning module IOSRuntimeSettings (502)
[2019.05.25-11.24.23:358][363]LogModuleManager: Shutting down and abandoning module AndroidRuntimeSettings (500)
[2019.05.25-11.24.23:358][363]LogModuleManager: Shutting down and abandoning module InputBindingEditor (498)
[2019.05.25-11.24.23:358][363]LogModuleManager: Shutting down and abandoning module MergeActors (496)
[2019.05.25-11.24.23:358][363]LogModuleManager: Shutting down and abandoning module LocalizationDashboard (494)
[2019.05.25-11.24.23:359][363]LogModuleManager: Shutting down and abandoning module LocalizationService (493)
[2019.05.25-11.24.23:359][363]LogModuleManager: Shutting down and abandoning module HardwareTargeting (490)
[2019.05.25-11.24.23:359][363]LogModuleManager: Shutting down and abandoning module DeviceProfileEditor (488)
[2019.05.25-11.24.23:359][363]LogModuleManager: Shutting down and abandoning module UndoHistory (486)
[2019.05.25-11.24.23:359][363]LogModuleManager: Shutting down and abandoning module XmlParser (484)
[2019.05.25-11.24.23:359][363]LogModuleManager: Shutting down and abandoning module Blutility (482)
[2019.05.25-11.24.23:359][363]LogModuleManager: Shutting down and abandoning module ProjectSettingsViewer (480)
[2019.05.25-11.24.23:359][363]LogModuleManager: Shutting down and abandoning module ProjectTargetPlatformEditor (479)
[2019.05.25-11.24.23:359][363]LogModuleManager: Shutting down and abandoning module EditorSettingsViewer (476)
[2019.05.25-11.24.23:359][363]LogModuleManager: Shutting down and abandoning module SettingsEditor (474)
[2019.05.25-11.24.23:359][363]LogModuleManager: Shutting down and abandoning module ProjectLauncher (472)
[2019.05.25-11.24.23:359][363]LogModuleManager: Shutting down and abandoning module SessionFrontend (470)
[2019.05.25-11.24.23:359][363]LogModuleManager: Shutting down and abandoning module ProfilerClient (468)
[2019.05.25-11.24.23:359][363]LogModuleManager: Shutting down and abandoning module DeviceManager (466)
[2019.05.25-11.24.23:359][363]LogModuleManager: Shutting down and abandoning module TargetDeviceServices (465)
[2019.05.25-11.24.23:413][363]LogModuleManager: Shutting down and abandoning module AutomationController (462)
[2019.05.25-11.24.23:413][363]LogModuleManager: Shutting down and abandoning module AutomationWindow (460)
[2019.05.25-11.24.23:413][363]LogModuleManager: Shutting down and abandoning module Layers (458)
[2019.05.25-11.24.23:413][363]LogModuleManager: Shutting down and abandoning module ComponentVisualizers (456)
[2019.05.25-11.24.23:413][363]LogModuleManager: Shutting down and abandoning module DetailCustomizations (454)
[2019.05.25-11.24.23:413][363]LogModuleManager: Shutting down and abandoning module PackagesDialog (452)
[2019.05.25-11.24.23:413][363]LogModuleManager: Shutting down and abandoning module Persona (450)
[2019.05.25-11.24.23:413][363]LogModuleManager: Shutting down and abandoning module AdvancedPreviewScene (449)
[2019.05.25-11.24.23:413][363]LogModuleManager: Shutting down and abandoning module AnimGraph (447)
[2019.05.25-11.24.23:413][363]LogModuleManager: Shutting down and abandoning module Kismet (444)
[2019.05.25-11.24.23:418][363]LogModuleManager: Shutting down and abandoning module GraphEditor (442)
[2019.05.25-11.24.23:418][363]LogModuleManager: Shutting down and abandoning module ClassViewer (440)
[2019.05.25-11.24.23:418][363]LogModuleManager: Shutting down and abandoning module Toolbox (438)
[2019.05.25-11.24.23:418][363]LogModuleManager: Shutting down and abandoning module ModuleUI (436)
[2019.05.25-11.24.23:418][363]LogModuleManager: Shutting down and abandoning module MovieSceneTools (434)
[2019.05.25-11.24.23:418][363]LogModuleManager: Shutting down and abandoning module OutputLog (432)
[2019.05.25-11.24.23:418][363]LogModuleManager: Shutting down and abandoning module GammaUI (430)
[2019.05.25-11.24.23:418][363]LogModuleManager: Shutting down and abandoning module Documentation (428)
[2019.05.25-11.24.23:418][363]LogModuleManager: Shutting down and abandoning module MovieSceneTracks (426)
[2019.05.25-11.24.23:418][363]LogModuleManager: Shutting down and abandoning module MovieScene (424)
[2019.05.25-11.24.23:418][363]LogModuleManager: Shutting down and abandoning module StreamingPauseRendering (422)
[2019.05.25-11.24.23:418][363]LogModuleManager: Shutting down and abandoning module LauncherPlatform (420)
[2019.05.25-11.24.23:418][363]LogModuleManager: Shutting down and abandoning module AnalyticsET (418)
[2019.05.25-11.24.23:418][363]LogModuleManager: Shutting down and abandoning module PortalServices (416)
[2019.05.25-11.24.23:418][363]LogModuleManager: Shutting down and abandoning module PortalRpc (414)
[2019.05.25-11.24.23:418][363]LogModuleManager: Shutting down and abandoning module MessagingRpc (412)
[2019.05.25-11.24.23:418][363]LogModuleManager: Shutting down and abandoning module AIModule (410)
[2019.05.25-11.24.23:418][363]LogModuleManager: Shutting down and abandoning module GameplayDebugger (409)
[2019.05.25-11.24.23:418][363]LogModuleManager: Shutting down and abandoning module AITestSuite (407)
[2019.05.25-11.24.23:418][363]LogModuleManager: Shutting down and abandoning module NavigationSystem (405)
[2019.05.25-11.24.23:418][363]LogModuleManager: Shutting down and abandoning module DesktopPlatform (402)
[2019.05.25-11.24.23:418][363]LogModuleManager: Shutting down and abandoning module ProfilerService (400)
[2019.05.25-11.24.23:624][363]LogModuleManager: Shutting down and abandoning module TaskGraph (398)
[2019.05.25-11.24.23:624][363]LogModuleManager: Shutting down and abandoning module SteamVRController (396)
[2019.05.25-11.24.23:624][363]LogModuleManager: Shutting down and abandoning module ProceduralMeshComponentEditor (394)
[2019.05.25-11.24.23:624][363]LogModuleManager: Shutting down and abandoning module ProceduralMeshComponent (392)
[2019.05.25-11.24.23:624][363]LogModuleManager: Shutting down and abandoning module OculusInput (390)
[2019.05.25-11.24.23:624][363]LogModuleManager: Shutting down and abandoning module MobilePatchingUtils (388)
[2019.05.25-11.24.23:624][363]LogModuleManager: Shutting down and abandoning module EditableMesh (386)
[2019.05.25-11.24.23:624][363]LogModuleManager: Shutting down and abandoning module CustomMeshComponent (384)
[2019.05.25-11.24.23:624][363]LogModuleManager: Shutting down and abandoning module CableComponent (382)
[2019.05.25-11.24.23:624][363]LogModuleManager: Shutting down and abandoning module AudioCapture (380)
[2019.05.25-11.24.23:624][363]LogModuleManager: Shutting down and abandoning module ArchVisCharacter (378)
[2019.05.25-11.24.23:624][363]LogModuleManager: Shutting down and abandoning module AndroidPermission (376)
[2019.05.25-11.24.23:624][363]LogModuleManager: Shutting down and abandoning module NUTUnrealEngine4 (374)
[2019.05.25-11.24.23:624][363]LogModuleManager: Shutting down and abandoning module NetcodeUnitTest (372)
[2019.05.25-11.24.23:624][363]LogModuleManager: Shutting down and abandoning module MediaCompositingEditor (370)
[2019.05.25-11.24.23:624][363]LogModuleManager: Shutting down and abandoning module MediaCompositing (368)
[2019.05.25-11.24.23:624][363]LogModuleManager: Shutting down and abandoning module LinearTimecode (366)
[2019.05.25-11.24.23:624][363]LogModuleManager: Shutting down and abandoning module ImgMedia (364)
[2019.05.25-11.24.23:628][363]LogModuleManager: Shutting down and abandoning module HTML5Networking (362)
[2019.05.25-11.24.23:629][363]LogModuleManager: Shutting down and abandoning module GeometryCacheTracks (360)
[2019.05.25-11.24.23:629][363]LogModuleManager: Shutting down and abandoning module GeometryCacheSequencer (358)
[2019.05.25-11.24.23:629][363]LogModuleManager: Shutting down and abandoning module BackChannel (356)
[2019.05.25-11.24.23:629][363]LogModuleManager: Shutting down and abandoning module AppleVision (354)
[2019.05.25-11.24.23:629][363]LogModuleManager: Shutting down and abandoning module AppleImageUtils (352)
[2019.05.25-11.24.23:629][363]LogModuleManager: Shutting down and abandoning module AlembicImporter (350)
[2019.05.25-11.24.23:629][363]LogModuleManager: Shutting down and abandoning module AlembicLibrary (349)
[2019.05.25-11.24.23:629][363]LogModuleManager: Shutting down and abandoning module GeometryCache (348)
[2019.05.25-11.24.23:629][363]LogModuleManager: Shutting down and abandoning module GeometryCacheEd (347)
[2019.05.25-11.24.23:629][363]LogModuleManager: Shutting down and abandoning module DatasmithContentEditor (342)
[2019.05.25-11.24.23:629][363]LogModuleManager: Shutting down and abandoning module DatasmithContent (340)
[2019.05.25-11.24.23:873][363]LogModuleManager: Shutting down and abandoning module SpeedTreeImporter (338)
[2019.05.25-11.24.23:873][363]LogModuleManager: Shutting down and abandoning module PluginBrowser (336)
[2019.05.25-11.24.23:873][363]LogModuleManager: Shutting down and abandoning module MobileLauncherProfileWizard (334)
[2019.05.25-11.24.23:873][363]LogModuleManager: Shutting down and abandoning module PolygonModeling (332)
[2019.05.25-11.24.23:873][363]LogModuleManager: Shutting down and abandoning module MeshEditor (330)
[2019.05.25-11.24.23:873][363]LogModuleManager: Shutting down and abandoning module CryptoKeysOpenSSL (328)
[2019.05.25-11.24.23:873][363]LogModuleManager: Shutting down and abandoning module CryptoKeys (326)
[2019.05.25-11.24.23:873][363]LogModuleManager: Shutting down and abandoning module VisualStudioSourceCodeAccess (324)
[2019.05.25-11.24.23:873][363]LogModuleManager: Shutting down and abandoning module VisualStudioCodeSourceCodeAccess (322)
[2019.05.25-11.24.23:873][363]LogModuleManager: Shutting down and abandoning module UObjectPlugin (320)
[2019.05.25-11.24.23:873][363]LogModuleManager: Shutting down and abandoning module SubversionSourceControl (318)
[2019.05.25-11.24.23:873][363]LogModuleManager: Shutting down and abandoning module PerforceSourceControl (316)
[2019.05.25-11.24.23:873][363]LogModuleManager: Shutting down and abandoning module GitSourceControl (314)
[2019.05.25-11.24.23:873][363]LogModuleManager: Shutting down and abandoning module SourceControl (313)
[2019.05.25-11.24.23:873][363]LogModuleManager: Shutting down and abandoning module CLionSourceCodeAccess (310)
[2019.05.25-11.24.23:873][363]LogModuleManager: Shutting down and abandoning module LightPropagationVolumeEditor (308)
[2019.05.25-11.24.23:873][363]LogModuleManager: Shutting down and abandoning module PaperTiledImporter (306)
[2019.05.25-11.24.23:873][363]LogModuleManager: Shutting down and abandoning module PaperSpriteSheetImporter (304)
[2019.05.25-11.24.23:873][363]LogModuleManager: Shutting down and abandoning module Paper2DEditor (302)
[2019.05.25-11.24.23:873][363]LogModuleManager: Shutting down and abandoning module MeshPaint (301)
[2019.05.25-11.24.23:873][363]LogModuleManager: Shutting down and abandoning module RuntimePhysXCooking (298)
[2019.05.25-11.24.23:873][363]LogModuleManager: Shutting down and abandoning module PhysXVehiclesEditor (296)
[2019.05.25-11.24.23:873][363]LogModuleManager: Shutting down and abandoning module PhysXVehicles (294)
[2019.05.25-11.24.23:873][363]LogModuleManager: Shutting down and abandoning module OculusEditor (292)
[2019.05.25-11.24.23:874][363]LogModuleManager: Shutting down and abandoning module LocationServicesBPLibrary (290)
[2019.05.25-11.24.23:874][363]LogModuleManager: Shutting down and abandoning module ImmediatePhysicsEditor (288)
[2019.05.25-11.24.23:874][363]LogModuleManager: Shutting down and abandoning module ImmediatePhysics (286)
[2019.05.25-11.24.23:874][363]LogModuleManager: Shutting down and abandoning module ActorSequence (284)
[2019.05.25-11.24.23:874][363]LogModuleManager: Shutting down and abandoning module UdpMessaging (282)
[2019.05.25-11.24.23:975][363]LogModuleManager: Shutting down and abandoning module TcpMessaging (280)
[2019.05.25-11.24.24:076][363]LogModuleManager: Shutting down and abandoning module MagicLeapAudio (278)
[2019.05.25-11.24.24:076][363]LogModuleManager: Shutting down and abandoning module GameplayTagsEditor (276)
[2019.05.25-11.24.24:076][363]LogModuleManager: Shutting down and abandoning module FacialAnimationEditor (274)
[2019.05.25-11.24.24:076][363]LogModuleManager: Shutting down and abandoning module FacialAnimation (272)
[2019.05.25-11.24.24:076][363]LogModuleManager: Shutting down and abandoning module DataValidation (270)
[2019.05.25-11.24.24:076][363]LogModuleManager: Shutting down and abandoning module AssetManagerEditor (268)
[2019.05.25-11.24.24:077][363]LogModuleManager: Shutting down and abandoning module LevelEditor (267)
[2019.05.25-11.24.24:079][363]LogModuleManager: Shutting down and abandoning module PixelInspectorModule (266)
[2019.05.25-11.24.24:079][363]LogModuleManager: Shutting down and abandoning module CommonMenuExtensions (264)
[2019.05.25-11.24.24:079][363]LogModuleManager: Shutting down and abandoning module MainFrame (262)
[2019.05.25-11.24.24:079][363]LogModuleManager: Shutting down and abandoning module HotReload (261)
[2019.05.25-11.24.24:080][363]LogModuleManager: Shutting down and abandoning module ContentBrowser (257)
[2019.05.25-11.24.24:082][363]LogModuleManager: Shutting down and abandoning module TreeMap (255)
[2019.05.25-11.24.24:082][363]LogModuleManager: Shutting down and abandoning module LightPropagationVolumeRuntime (252)
[2019.05.25-11.24.24:082][363]LogModuleManager: Shutting down and abandoning module AISupportModule (250)
[2019.05.25-11.24.24:082][363]LogModuleManager: Shutting down and abandoning module Paper2D (248)
[2019.05.25-11.24.24:082][363]LogModuleManager: Shutting down and abandoning module WindowsMoviePlayer (246)
[2019.05.25-11.24.24:082][363]LogModuleManager: Shutting down and abandoning module WmfMedia (244)
[2019.05.25-11.24.24:083][363]LogModuleManager: Shutting down and abandoning module Media (243)
[2019.05.25-11.24.24:091][363]LogModuleManager: Shutting down and abandoning module PacketHandler (240)
[2019.05.25-11.24.24:091][363]LogModuleManager: Shutting down and abandoning module ClothingSystemEditor (238)
[2019.05.25-11.24.24:091][363]LogModuleManager: Shutting down and abandoning module ClothingSystemRuntime (236)
[2019.05.25-11.24.24:091][363]LogModuleManager: Shutting down and abandoning module MediaAssets (234)
[2019.05.25-11.24.24:091][363]LogModuleManager: Shutting down and abandoning module Overlay (232)
[2019.05.25-11.24.24:091][363]LogModuleManager: Shutting down and abandoning module OverlayEditor (231)
[2019.05.25-11.24.24:091][363]LogModuleManager: Shutting down and abandoning module VREditor (228)
[2019.05.25-11.24.24:091][363]LogModuleManager: Shutting down and abandoning module StringTableEditor (226)
[2019.05.25-11.24.24:091][363]LogModuleManager: Shutting down and abandoning module GameplayTasksEditor (224)
[2019.05.25-11.24.24:091][363]LogModuleManager: Shutting down and abandoning module BehaviorTreeEditor (222)
[2019.05.25-11.24.24:091][363]LogModuleManager: Shutting down and abandoning module FunctionalTesting (220)
[2019.05.25-11.24.24:091][363]LogModuleManager: Shutting down and abandoning module CollisionAnalyzer (218)
[2019.05.25-11.24.24:091][363]LogModuleManager: Shutting down and abandoning module WorkspaceMenuStructure (217)
[2019.05.25-11.24.24:091][363]LogModuleManager: Shutting down and abandoning module UMG (214)
[2019.05.25-11.24.24:091][363]LogModuleManager: Shutting down and abandoning module UMGEditor (213)
[2019.05.25-11.24.24:091][363]LogModuleManager: Shutting down and abandoning module Sequencer (212)
[2019.05.25-11.24.24:091][363]LogModuleManager: Shutting down and abandoning module MessageLog (209)
[2019.05.25-11.24.24:091][363]LogModuleManager: Shutting down and abandoning module SlateReflector (204)
[2019.05.25-11.24.24:091][363]LogModuleManager: Shutting down and abandoning module Slate (202)
[2019.05.25-11.24.24:091][363]LogModuleManager: Shutting down and abandoning module EditorStyle (200)
[2019.05.25-11.24.24:093][363]LogModuleManager: Shutting down and abandoning module MRMesh (198)
[2019.05.25-11.24.24:093][363]LogModuleManager: Shutting down and abandoning module SourceCodeAccess (196)
[2019.05.25-11.24.24:093][363]LogModuleManager: Shutting down and abandoning module HeadMountedDisplay (194)
[2019.05.25-11.24.24:093][363]LogModuleManager: Shutting down and abandoning module XAudio2 (192)
[2019.05.25-11.24.24:093][363]LogModuleManager: Shutting down and abandoning module Networking (190)
[2019.05.25-11.24.24:093][363]LogModuleManager: Shutting down and abandoning module Core (188)
[2019.05.25-11.24.24:093][363]LogModuleManager: Shutting down and abandoning module LevelSequence (186)
[2019.05.25-11.24.24:093][363]LogModuleManager: Shutting down and abandoning module KismetCompiler (184)
[2019.05.25-11.24.24:093][363]LogModuleManager: Shutting down and abandoning module MeshUtilities (182)
[2019.05.25-11.24.24:093][363]LogModuleManager: Shutting down and abandoning module MeshMergeUtilities (181)
[2019.05.25-11.24.24:093][363]LogModuleManager: Shutting down and abandoning module MeshReductionInterface (180)
[2019.05.25-11.24.24:093][363]LogModuleManager: Shutting down and abandoning module SimplygonSwarm (179)
[2019.05.25-11.24.24:093][363]LogModuleManager: Shutting down and abandoning module ProxyLODMeshReduction (177)
[2019.05.25-11.24.24:093][363]LogModuleManager: Shutting down and abandoning module SimplygonMeshReduction (175)
[2019.05.25-11.24.24:093][363]LogModuleManager: Shutting down and abandoning module QuadricMeshReduction (173)
[2019.05.25-11.24.24:093][363]LogModuleManager: Shutting down and abandoning module MaterialBaking (169)
[2019.05.25-11.24.24:093][363]LogModuleManager: Shutting down and abandoning module DirectoryWatcher (165)
[2019.05.25-11.24.24:094][363]LogModuleManager: Shutting down and abandoning module DerivedDataCache (162)
[2019.05.25-11.24.24:109][363]LogDerivedDataCache: Shutdown
[2019.05.25-11.24.24:109][363]LogModuleManager: Shutting down and abandoning module XGEController (160)
[2019.05.25-11.24.24:109][363]LogXGEController: Cleaning working directory: C:/Users/FruGo/AppData/Local/Temp/UnrealXGEWorkingDir/
[2019.05.25-11.24.24:110][363]LogModuleManager: Shutting down and abandoning module TargetPlatform (158)
[2019.05.25-11.24.24:110][363]LogModuleManager: Shutting down and abandoning module VulkanShaderFormat (157)
[2019.05.25-11.24.24:110][363]LogModuleManager: Shutting down and abandoning module ShaderFormatVectorVM (155)
[2019.05.25-11.24.24:110][363]LogModuleManager: Shutting down and abandoning module ShaderFormatOpenGL (153)
[2019.05.25-11.24.24:110][363]LogModuleManager: Shutting down and abandoning module ShaderFormatD3D (151)
[2019.05.25-11.24.24:110][363]LogModuleManager: Shutting down and abandoning module MetalShaderFormat (149)
[2019.05.25-11.24.24:110][363]LogModuleManager: Shutting down and abandoning module TextureFormatUncompressed (147)
[2019.05.25-11.24.24:110][363]LogModuleManager: Shutting down and abandoning module TextureFormatPVR (145)
[2019.05.25-11.24.24:110][363]LogModuleManager: Shutting down and abandoning module TextureFormatDXT (143)
[2019.05.25-11.24.24:110][363]LogModuleManager: Shutting down and abandoning module TextureFormatIntelISPCTexComp (141)
[2019.05.25-11.24.24:110][363]LogModuleManager: Shutting down and abandoning module TextureFormatASTC (139)
[2019.05.25-11.24.24:110][363]LogModuleManager: Shutting down and abandoning module ImageWrapper (138)
[2019.05.25-11.24.24:110][363]LogModuleManager: Shutting down and abandoning module TextureFormatAndroid (135)
[2019.05.25-11.24.24:110][363]LogModuleManager: Shutting down and abandoning module AudioFormatOpus (133)
[2019.05.25-11.24.24:110][363]LogModuleManager: Shutting down and abandoning module AudioFormatOgg (131)
[2019.05.25-11.24.24:110][363]LogModuleManager: Shutting down and abandoning module AudioFormatADPCM (129)
[2019.05.25-11.24.24:110][363]LogModuleManager: Shutting down and abandoning module LuminTargetPlatform (127)
[2019.05.25-11.24.24:110][363]LogModuleManager: Shutting down and abandoning module LinuxTargetPlatform (125)
[2019.05.25-11.24.24:110][363]LogModuleManager: Shutting down and abandoning module LinuxServerTargetPlatform (123)
[2019.05.25-11.24.24:110][363]LogModuleManager: Shutting down and abandoning module LinuxNoEditorTargetPlatform (121)
[2019.05.25-11.24.24:110][363]LogModuleManager: Shutting down and abandoning module LinuxClientTargetPlatform (119)
[2019.05.25-11.24.24:110][363]LogModuleManager: Shutting down and abandoning module TVOSTargetPlatform (117)
[2019.05.25-11.24.24:111][363]LogModuleManager: Shutting down and abandoning module Messaging (115)
[2019.05.25-11.24.24:111][363]LogModuleManager: Shutting down and abandoning module IOSTargetPlatform (113)
[2019.05.25-11.24.24:112][363]LogModuleManager: Shutting down and abandoning module HTML5TargetPlatform (111)
[2019.05.25-11.24.24:112][363]LogModuleManager: Shutting down and abandoning module AndroidTargetPlatform (109)
[2019.05.25-11.24.24:118][363]LogModuleManager: Shutting down and abandoning module WindowsTargetPlatform (107)
[2019.05.25-11.24.24:118][363]LogModuleManager: Shutting down and abandoning module WindowsServerTargetPlatform (105)
[2019.05.25-11.24.24:118][363]LogModuleManager: Shutting down and abandoning module WindowsNoEditorTargetPlatform (103)
[2019.05.25-11.24.24:118][363]LogModuleManager: Shutting down and abandoning module WindowsClientTargetPlatform (101)
[2019.05.25-11.24.24:118][363]LogModuleManager: Shutting down and abandoning module MacTargetPlatform (99)
[2019.05.25-11.24.24:118][363]LogModuleManager: Shutting down and abandoning module MacServerTargetPlatform (97)
[2019.05.25-11.24.24:119][363]LogModuleManager: Shutting down and abandoning module MacNoEditorTargetPlatform (95)
[2019.05.25-11.24.24:119][363]LogModuleManager: Shutting down and abandoning module MacClientTargetPlatform (93)
[2019.05.25-11.24.24:119][363]LogModuleManager: Shutting down and abandoning module AllDesktopTargetPlatform (91)
[2019.05.25-11.24.24:119][363]LogModuleManager: Shutting down and abandoning module InputCore (88)
[2019.05.25-11.24.24:119][363]LogModuleManager: Shutting down and abandoning module Settings (86)
[2019.05.25-11.24.24:119][363]LogModuleManager: Shutting down and abandoning module PhysXCooking (84)
[2019.05.25-11.24.24:119][363]LogModuleManager: Shutting down and abandoning module SteamVR (82)
[2019.05.25-11.24.24:119][363]LogModuleManager: Shutting down and abandoning module OculusHMD (80)
[2019.05.25-11.24.24:119][363]LogModuleManager: Shutting down and abandoning module ExampleDeviceProfileSelector (78)
[2019.05.25-11.24.24:119][363]LogModuleManager: Shutting down and abandoning module LauncherChunkInstaller (76)
[2019.05.25-11.24.24:119][363]LogModuleManager: Shutting down and abandoning module OnlineBlueprintSupport (74)
[2019.05.25-11.24.24:119][363]LogModuleManager: Shutting down and abandoning module OnlineSubsystem (70)
[2019.05.25-11.24.24:120][363]LogModuleManager: Shutting down and abandoning module XMPP (65)
[2019.05.25-11.24.24:120][363]LogModuleManager: Shutting down and abandoning module WebSockets (64)
[2019.05.25-11.24.24:132][363]LogModuleManager: Shutting down and abandoning module HTTP (61)
[2019.05.25-11.24.24:132][363]LogHttp: Display: Http module shutting down, but needs to wait on 1 outstanding Http requests:
[2019.05.25-11.24.24:132][363]LogHttp: Display: 	verb=[POST] url=[https://datarouter.ol.epicgames.com/datarouter/api/v1/public/data?SessionID=%7BF6FF7E51-4A84-9F4B-F728-979E34A259BA%7D&AppID=UEEditor.Rocket.Release&AppVersion=4.20.3-4369336%2B%2B%2BUE4%2BRelease-4.20&UserID=6cb0190d433e5c1bcd422595f0265a6f%7Ccb51f89d13774c27b45de33e2420c457%7Cffa16f76-d6dd-46a3-8711-d50984a4ce4a&AppEnvironment=datacollector-binary&UploadType=eteventstream] status=Processing
[2019.05.25-11.24.24:164][363]LogModuleManager: Shutting down and abandoning module SSL (60)
[2019.05.25-11.24.24:166][363]LogModuleManager: Shutting down and abandoning module MagicLeapEmulator (56)
[2019.05.25-11.24.24:166][363]LogModuleManager: Shutting down and abandoning module MagicLeapPrivileges (54)
[2019.05.25-11.24.24:166][363]LogModuleManager: Shutting down and abandoning module MagicLeapIdentity (52)
[2019.05.25-11.24.24:166][363]LogModuleManager: Shutting down and abandoning module MagicLeapHelperVulkan (50)
[2019.05.25-11.24.24:166][363]LogModuleManager: Shutting down and abandoning module MagicLeapHelperOpenGL (48)
[2019.05.25-11.24.24:166][363]LogModuleManager: Shutting down and abandoning module MagicLeapSecureStorage (46)
[2019.05.25-11.24.24:166][363]LogModuleManager: Shutting down and abandoning module MagicLeapGestures (44)
[2019.05.25-11.24.24:166][363]LogModuleManager: Shutting down and abandoning module MagicLeapEyeTracker (42)
[2019.05.25-11.24.24:166][363]LogModuleManager: Shutting down and abandoning module MagicLeapController (40)
[2019.05.25-11.24.24:166][363]LogSlate: Slate User Destroyed.  User Index 0, Is Virtual User: 0
[2019.05.25-11.24.24:167][363]LogModuleManager: Shutting down and abandoning module MagicLeap (38)
[2019.05.25-11.24.24:167][363]LogModuleManager: Shutting down and abandoning module AnimationModifiers (36)
[2019.05.25-11.24.24:167][363]LogModuleManager: Shutting down and abandoning module PropertyEditor (35)
[2019.05.25-11.24.24:167][363]LogModuleManager: Shutting down and abandoning module AudioEditor (32)
[2019.05.25-11.24.24:167][363]LogModuleManager: Shutting down and abandoning module TextureCompressor (30)
[2019.05.25-11.24.24:167][363]LogModuleManager: Shutting down and abandoning module ShaderCore (28)
[2019.05.25-11.24.24:167][363]LogModuleManager: Shutting down and abandoning module Landscape (26)
[2019.05.25-11.24.24:167][363]LogModuleManager: Shutting down and abandoning module SlateRHIRenderer (24)
[2019.05.25-11.24.24:168][363]LogModuleManager: Shutting down and abandoning module OpenGLDrv (22)
[2019.05.25-11.24.24:168][363]LogModuleManager: Shutting down and abandoning module D3D11RHI (20)
[2019.05.25-11.24.24:168][363]LogModuleManager: Shutting down and abandoning module AnimGraphRuntime (18)
[2019.05.25-11.24.24:168][363]LogModuleManager: Shutting down and abandoning module Renderer (16)
[2019.05.25-11.24.24:168][363]LogModuleManager: Shutting down and abandoning module Engine (14)
[2019.05.25-11.24.24:168][363]LogModuleManager: Shutting down and abandoning module CoreUObject (12)
[2019.05.25-11.24.24:168][363]LogModuleManager: Shutting down and abandoning module NetworkFile (10)
[2019.05.25-11.24.24:168][363]LogModuleManager: Shutting down and abandoning module CookedIterativeFile (8)
[2019.05.25-11.24.24:168][363]LogModuleManager: Shutting down and abandoning module StreamingFile (6)
[2019.05.25-11.24.24:168][363]LogModuleManager: Shutting down and abandoning module SandboxFile (4)
[2019.05.25-11.24.24:168][363]LogModuleManager: Shutting down and abandoning module PakFile (2)
[2019.05.25-11.24.24:173][363]LogExit: Exiting.
[2019.05.25-11.24.24:180][363]Log file closed, 05/25/19 13:24:24
